

Started GET "/" for ::1 at 2017-04-11 17:18:24 +0800
Processing by Rails::WelcomeController#index as HTML
  Rendered /Users/mac/.rvm/gems/ruby-2.2.3/gems/railties-4.2.8/lib/rails/templates/rails/welcome/index.html.erb (1.0ms)
Completed 200 OK in 13ms (Views: 6.1ms | ActiveRecord: 0.0ms)
  [1m[36m (77.5ms)[0m  [1mCREATE TABLE `schema_migrations` (`version` varchar(255) NOT NULL) ENGINE=InnoDB[0m
  [1m[35m (132.0ms)[0m  CREATE UNIQUE INDEX `unique_schema_migrations`  ON `schema_migrations` (`version`) 
  [1m[36mActiveRecord::SchemaMigration Load (0.3ms)[0m  [1mSELECT `schema_migrations`.* FROM `schema_migrations`[0m
Migrating to CreateProjects (20170411092220)
  [1m[35m (78.5ms)[0m  CREATE TABLE `projects` (`id` int(11) auto_increment PRIMARY KEY, `abbr_name` varchar(255), `name` varchar(255), `proj_types` varchar(255), `proj_start_time` datetime, `proj_end_time` datetime, `deleted_at` datetime, `created_at` datetime NOT NULL, `updated_at` datetime NOT NULL) ENGINE=InnoDB
  [1m[36m (0.2ms)[0m  [1mBEGIN[0m
  [1m[35mSQL (0.3ms)[0m  INSERT INTO `schema_migrations` (`version`) VALUES ('20170411092220')
  [1m[36m (0.7ms)[0m  [1mCOMMIT[0m
  [1m[35mActiveRecord::SchemaMigration Load (0.3ms)[0m  SELECT `schema_migrations`.* FROM `schema_migrations`
  [1m[36m (0.3ms)[0m  [1mSELECT fk.referenced_table_name as 'to_table'
      ,fk.referenced_column_name as 'primary_key'
      ,fk.column_name as 'column'
      ,fk.constraint_name as 'name'
FROM information_schema.key_column_usage fk
WHERE fk.referenced_column_name is not null
  AND fk.table_schema = 'my_apc'
  AND fk.table_name = 'projects'
[0m
  [1m[35m (0.3ms)[0m  SHOW CREATE TABLE `projects`


Started GET "/" for ::1 at 2017-04-11 17:24:30 +0800
  [1m[36mActiveRecord::SchemaMigration Load (0.3ms)[0m  [1mSELECT `schema_migrations`.* FROM `schema_migrations`[0m
Processing by ProjectsController#index as HTML
  [1m[35mProject Load (0.4ms)[0m  SELECT `projects`.* FROM `projects`
  Rendered projects/index.html.erb within layouts/application (2.8ms)
Completed 200 OK in 486ms (Views: 478.0ms | ActiveRecord: 0.8ms)


Started GET "/assets/scaffolds.self-4c9f738a05ff27aebc845342554af400d5653d497593b7eec66edd6889139ca7.css?body=1" for ::1 at 2017-04-11 17:24:31 +0800


Started GET "/" for ::1 at 2017-04-11 17:30:13 +0800
Processing by ProjectsController#index as HTML
  [1m[36mProject Load (0.3ms)[0m  [1mSELECT `projects`.* FROM `projects`[0m
  Rendered projects/index.html.erb within layouts/application (1.2ms)
Completed 200 OK in 15ms (Views: 13.5ms | ActiveRecord: 0.3ms)


Started GET "/" for ::1 at 2017-04-11 17:30:16 +0800
Processing by ProjectsController#index as HTML
  [1m[35mProject Load (0.3ms)[0m  SELECT `projects`.* FROM `projects`
  Rendered projects/index.html.erb within layouts/application (0.9ms)
Completed 200 OK in 24ms (Views: 23.4ms | ActiveRecord: 0.3ms)


Started GET "/" for ::1 at 2017-04-11 17:31:04 +0800
Processing by ProjectsController#index as HTML
  [1m[36mProject Load (0.3ms)[0m  [1mSELECT `projects`.* FROM `projects`[0m
  Rendered projects/index.html.erb within layouts/application (1.3ms)
Completed 200 OK in 21ms (Views: 19.4ms | ActiveRecord: 0.3ms)


Started GET "/projects/new" for ::1 at 2017-04-11 17:31:05 +0800
Processing by ProjectsController#new as HTML
  Rendered projects/_form.html.erb (37.9ms)
  Rendered projects/new.html.erb within layouts/application (42.7ms)
Completed 200 OK in 63ms (Views: 54.0ms | ActiveRecord: 0.7ms)


Started GET "/" for ::1 at 2017-04-11 17:31:30 +0800
  [1m[36mActiveRecord::SchemaMigration Load (0.2ms)[0m  [1mSELECT `schema_migrations`.* FROM `schema_migrations`[0m
Processing by ProjectsController#index as HTML
  [1m[35mProject Load (0.4ms)[0m  SELECT `projects`.* FROM `projects`
  Rendered projects/index.html.erb within layouts/application (3.2ms)
Completed 200 OK in 159ms (Views: 150.0ms | ActiveRecord: 0.8ms)


Started GET "/" for ::1 at 2017-04-11 17:32:05 +0800
Processing by ProjectsController#index as HTML
  [1m[36mProject Load (0.3ms)[0m  [1mSELECT `projects`.* FROM `projects`[0m
  Rendered projects/index.html.erb within layouts/application (1.6ms)
Completed 200 OK in 12ms (Views: 10.6ms | ActiveRecord: 0.3ms)


Started GET "/" for ::1 at 2017-04-11 17:32:15 +0800
Processing by ProjectsController#index as HTML
  [1m[35mProject Load (0.4ms)[0m  SELECT `projects`.* FROM `projects`
  Rendered projects/index.html.erb within layouts/application (0.8ms)
Completed 200 OK in 11ms (Views: 9.9ms | ActiveRecord: 0.4ms)


Started GET "/" for ::1 at 2017-04-11 17:34:10 +0800
Processing by ProjectsController#index as HTML
  [1m[36mProject Load (0.3ms)[0m  [1mSELECT `projects`.* FROM `projects`[0m
  Rendered projects/index.html.erb within layouts/application (0.8ms)
Completed 200 OK in 11ms (Views: 10.1ms | ActiveRecord: 0.3ms)


Started GET "/" for ::1 at 2017-04-11 17:34:12 +0800
Processing by ProjectsController#index as HTML
  [1m[35mProject Load (0.4ms)[0m  SELECT `projects`.* FROM `projects`
  Rendered projects/index.html.erb within layouts/application (0.9ms)
Completed 200 OK in 11ms (Views: 9.9ms | ActiveRecord: 0.4ms)


Started GET "/" for ::1 at 2017-04-11 17:34:15 +0800
Processing by ProjectsController#index as HTML
  [1m[36mProject Load (0.3ms)[0m  [1mSELECT `projects`.* FROM `projects`[0m
  Rendered projects/index.html.erb within layouts/application (1.2ms)
Completed 200 OK in 11ms (Views: 10.0ms | ActiveRecord: 0.3ms)


Started GET "/" for ::1 at 2017-04-11 17:34:31 +0800
Processing by ProjectsController#index as HTML
  [1m[35mProject Load (0.3ms)[0m  SELECT `projects`.* FROM `projects`
  Rendered projects/index.html.erb within layouts/application (1.1ms)
Completed 200 OK in 10ms (Views: 9.7ms | ActiveRecord: 0.3ms)


Started GET "/" for ::1 at 2017-04-11 17:34:33 +0800
Processing by ProjectsController#index as HTML
  [1m[36mProject Load (0.3ms)[0m  [1mSELECT `projects`.* FROM `projects`[0m
  Rendered projects/index.html.erb within layouts/application (0.7ms)
Completed 200 OK in 11ms (Views: 9.9ms | ActiveRecord: 0.3ms)


Started GET "/" for ::1 at 2017-04-11 17:37:19 +0800
Processing by ProjectsController#index as HTML
  [1m[35mProject Load (0.3ms)[0m  SELECT `projects`.* FROM `projects`
  Rendered projects/index.html.erb within layouts/application (6.7ms)
Completed 500 Internal Server Error in 29ms (ActiveRecord: 0.3ms)

ActionView::Template::Error (couldn't find file 'twitter/bootstrap' with type 'application/javascript'
Checked in these paths: 
  /Users/mac/Projects/my_apc/app/assets/images
  /Users/mac/Projects/my_apc/app/assets/javascripts
  /Users/mac/Projects/my_apc/app/assets/stylesheets
  /Users/mac/Projects/my_apc/vendor/assets/javascripts
  /Users/mac/Projects/my_apc/vendor/assets/stylesheets
  /Users/mac/.rvm/gems/ruby-2.2.3/gems/jquery-rails-4.3.1/vendor/assets/javascripts
  /Users/mac/.rvm/gems/ruby-2.2.3/gems/coffee-rails-4.1.1/lib/assets/javascripts
  /Users/mac/.rvm/gems/ruby-2.2.3/gems/turbolinks-source-5.0.0/lib/assets/javascripts):
    29:     <!-- Size should be 32 x 32 pixels -->
    30:     <%= favicon_link_tag 'favicon.ico', :rel => 'shortcut icon' %>
    31: 
    32:     <%= javascript_include_tag "application" %>
    33: 
    34:     <!-- Le HTML5 shim, for IE6-8 support of HTML elements -->
    35:     <!--[if lt IE 9]>
  app/assets/javascripts/application.js:15
  app/views/layouts/application.html.erb:32:in `_app_views_layouts_application_html_erb__679095388372451602_70347832632200'


  Rendered /Users/mac/.rvm/gems/ruby-2.2.3/gems/actionpack-4.2.8/lib/action_dispatch/middleware/templates/rescues/_source.erb (5.2ms)
  Rendered /Users/mac/.rvm/gems/ruby-2.2.3/gems/actionpack-4.2.8/lib/action_dispatch/middleware/templates/rescues/_trace.html.erb (2.0ms)
  Rendered /Users/mac/.rvm/gems/ruby-2.2.3/gems/actionpack-4.2.8/lib/action_dispatch/middleware/templates/rescues/_request_and_response.html.erb (0.6ms)
  Rendered /Users/mac/.rvm/gems/ruby-2.2.3/gems/actionpack-4.2.8/lib/action_dispatch/middleware/templates/rescues/template_error.html.erb within rescues/layout (45.6ms)
  Rendered /Users/mac/.rvm/gems/ruby-2.2.3/gems/web-console-2.3.0/lib/web_console/templates/_markup.html.erb (0.3ms)
  Rendered /Users/mac/.rvm/gems/ruby-2.2.3/gems/web-console-2.3.0/lib/web_console/templates/_inner_console_markup.html.erb within layouts/inlined_string (0.2ms)
  Rendered /Users/mac/.rvm/gems/ruby-2.2.3/gems/web-console-2.3.0/lib/web_console/templates/_prompt_box_markup.html.erb within layouts/inlined_string (0.3ms)
  Rendered /Users/mac/.rvm/gems/ruby-2.2.3/gems/web-console-2.3.0/lib/web_console/templates/style.css.erb within layouts/inlined_string (0.2ms)
  Rendered /Users/mac/.rvm/gems/ruby-2.2.3/gems/web-console-2.3.0/lib/web_console/templates/console.js.erb within layouts/javascript (36.2ms)
  Rendered /Users/mac/.rvm/gems/ruby-2.2.3/gems/web-console-2.3.0/lib/web_console/templates/main.js.erb within layouts/javascript (0.2ms)
  Rendered /Users/mac/.rvm/gems/ruby-2.2.3/gems/web-console-2.3.0/lib/web_console/templates/error_page.js.erb within layouts/javascript (0.2ms)
  Rendered /Users/mac/.rvm/gems/ruby-2.2.3/gems/web-console-2.3.0/lib/web_console/templates/index.html.erb (81.8ms)


Started GET "/" for ::1 at 2017-04-11 17:38:14 +0800
  [1m[36mActiveRecord::SchemaMigration Load (0.3ms)[0m  [1mSELECT `schema_migrations`.* FROM `schema_migrations`[0m
Processing by ProjectsController#index as HTML
  [1m[35mProject Load (0.4ms)[0m  SELECT `projects`.* FROM `projects`
  Rendered projects/index.html.erb within layouts/application (7.8ms)
Completed 200 OK in 1618ms (Views: 1608.6ms | ActiveRecord: 0.8ms)


Started GET "/images/favicon.ico" for ::1 at 2017-04-11 17:38:16 +0800

ActionController::RoutingError (No route matches [GET] "/images/favicon.ico"):
  actionpack (4.2.8) lib/action_dispatch/middleware/debug_exceptions.rb:21:in `call'
  web-console (2.3.0) lib/web_console/middleware.rb:28:in `block in call'
  web-console (2.3.0) lib/web_console/middleware.rb:18:in `catch'
  web-console (2.3.0) lib/web_console/middleware.rb:18:in `call'
  actionpack (4.2.8) lib/action_dispatch/middleware/show_exceptions.rb:30:in `call'
  railties (4.2.8) lib/rails/rack/logger.rb:38:in `call_app'
  railties (4.2.8) lib/rails/rack/logger.rb:20:in `block in call'
  activesupport (4.2.8) lib/active_support/tagged_logging.rb:68:in `block in tagged'
  activesupport (4.2.8) lib/active_support/tagged_logging.rb:26:in `tagged'
  activesupport (4.2.8) lib/active_support/tagged_logging.rb:68:in `tagged'
  railties (4.2.8) lib/rails/rack/logger.rb:20:in `call'
  actionpack (4.2.8) lib/action_dispatch/middleware/request_id.rb:21:in `call'
  rack (1.6.5) lib/rack/methodoverride.rb:22:in `call'
  rack (1.6.5) lib/rack/runtime.rb:18:in `call'
  activesupport (4.2.8) lib/active_support/cache/strategy/local_cache_middleware.rb:28:in `call'
  rack (1.6.5) lib/rack/lock.rb:17:in `call'
  actionpack (4.2.8) lib/action_dispatch/middleware/static.rb:120:in `call'
  rack (1.6.5) lib/rack/sendfile.rb:113:in `call'
  railties (4.2.8) lib/rails/engine.rb:518:in `call'
  railties (4.2.8) lib/rails/application.rb:165:in `call'
  rack (1.6.5) lib/rack/lock.rb:17:in `call'
  rack (1.6.5) lib/rack/content_length.rb:15:in `call'
  rack (1.6.5) lib/rack/handler/webrick.rb:88:in `service'
  /Users/mac/.rvm/rubies/ruby-2.2.3/lib/ruby/2.2.0/webrick/httpserver.rb:138:in `service'
  /Users/mac/.rvm/rubies/ruby-2.2.3/lib/ruby/2.2.0/webrick/httpserver.rb:94:in `run'
  /Users/mac/.rvm/rubies/ruby-2.2.3/lib/ruby/2.2.0/webrick/server.rb:294:in `block in start_thread'


  Rendered /Users/mac/.rvm/gems/ruby-2.2.3/gems/actionpack-4.2.8/lib/action_dispatch/middleware/templates/rescues/_trace.html.erb (0.9ms)
  Rendered /Users/mac/.rvm/gems/ruby-2.2.3/gems/actionpack-4.2.8/lib/action_dispatch/middleware/templates/routes/_route.html.erb (0.7ms)
  Rendered /Users/mac/.rvm/gems/ruby-2.2.3/gems/actionpack-4.2.8/lib/action_dispatch/middleware/templates/routes/_table.html.erb (15.1ms)
  Rendered /Users/mac/.rvm/gems/ruby-2.2.3/gems/actionpack-4.2.8/lib/action_dispatch/middleware/templates/rescues/_request_and_response.html.erb (0.9ms)
  Rendered /Users/mac/.rvm/gems/ruby-2.2.3/gems/actionpack-4.2.8/lib/action_dispatch/middleware/templates/rescues/routing_error.html.erb within rescues/layout (69.5ms)
  Rendered /Users/mac/.rvm/gems/ruby-2.2.3/gems/web-console-2.3.0/lib/web_console/templates/_markup.html.erb (0.2ms)
  Rendered /Users/mac/.rvm/gems/ruby-2.2.3/gems/web-console-2.3.0/lib/web_console/templates/_inner_console_markup.html.erb within layouts/inlined_string (0.2ms)
  Rendered /Users/mac/.rvm/gems/ruby-2.2.3/gems/web-console-2.3.0/lib/web_console/templates/_prompt_box_markup.html.erb within layouts/inlined_string (0.2ms)
  Rendered /Users/mac/.rvm/gems/ruby-2.2.3/gems/web-console-2.3.0/lib/web_console/templates/style.css.erb within layouts/inlined_string (0.2ms)
  Rendered /Users/mac/.rvm/gems/ruby-2.2.3/gems/web-console-2.3.0/lib/web_console/templates/console.js.erb within layouts/javascript (35.6ms)
  Rendered /Users/mac/.rvm/gems/ruby-2.2.3/gems/web-console-2.3.0/lib/web_console/templates/main.js.erb within layouts/javascript (0.1ms)
  Rendered /Users/mac/.rvm/gems/ruby-2.2.3/gems/web-console-2.3.0/lib/web_console/templates/error_page.js.erb within layouts/javascript (0.3ms)
  Rendered /Users/mac/.rvm/gems/ruby-2.2.3/gems/web-console-2.3.0/lib/web_console/templates/index.html.erb (76.8ms)


Started GET "/path1" for ::1 at 2017-04-11 17:38:19 +0800

ActionController::RoutingError (No route matches [GET] "/path1"):
  actionpack (4.2.8) lib/action_dispatch/middleware/debug_exceptions.rb:21:in `call'
  web-console (2.3.0) lib/web_console/middleware.rb:28:in `block in call'
  web-console (2.3.0) lib/web_console/middleware.rb:18:in `catch'
  web-console (2.3.0) lib/web_console/middleware.rb:18:in `call'
  actionpack (4.2.8) lib/action_dispatch/middleware/show_exceptions.rb:30:in `call'
  railties (4.2.8) lib/rails/rack/logger.rb:38:in `call_app'
  railties (4.2.8) lib/rails/rack/logger.rb:20:in `block in call'
  activesupport (4.2.8) lib/active_support/tagged_logging.rb:68:in `block in tagged'
  activesupport (4.2.8) lib/active_support/tagged_logging.rb:26:in `tagged'
  activesupport (4.2.8) lib/active_support/tagged_logging.rb:68:in `tagged'
  railties (4.2.8) lib/rails/rack/logger.rb:20:in `call'
  actionpack (4.2.8) lib/action_dispatch/middleware/request_id.rb:21:in `call'
  rack (1.6.5) lib/rack/methodoverride.rb:22:in `call'
  rack (1.6.5) lib/rack/runtime.rb:18:in `call'
  activesupport (4.2.8) lib/active_support/cache/strategy/local_cache_middleware.rb:28:in `call'
  rack (1.6.5) lib/rack/lock.rb:17:in `call'
  actionpack (4.2.8) lib/action_dispatch/middleware/static.rb:120:in `call'
  rack (1.6.5) lib/rack/sendfile.rb:113:in `call'
  railties (4.2.8) lib/rails/engine.rb:518:in `call'
  railties (4.2.8) lib/rails/application.rb:165:in `call'
  rack (1.6.5) lib/rack/lock.rb:17:in `call'
  rack (1.6.5) lib/rack/content_length.rb:15:in `call'
  rack (1.6.5) lib/rack/handler/webrick.rb:88:in `service'
  /Users/mac/.rvm/rubies/ruby-2.2.3/lib/ruby/2.2.0/webrick/httpserver.rb:138:in `service'
  /Users/mac/.rvm/rubies/ruby-2.2.3/lib/ruby/2.2.0/webrick/httpserver.rb:94:in `run'
  /Users/mac/.rvm/rubies/ruby-2.2.3/lib/ruby/2.2.0/webrick/server.rb:294:in `block in start_thread'


  Rendered /Users/mac/.rvm/gems/ruby-2.2.3/gems/actionpack-4.2.8/lib/action_dispatch/middleware/templates/rescues/_trace.html.erb (0.9ms)
  Rendered /Users/mac/.rvm/gems/ruby-2.2.3/gems/actionpack-4.2.8/lib/action_dispatch/middleware/templates/routes/_route.html.erb (0.9ms)
  Rendered /Users/mac/.rvm/gems/ruby-2.2.3/gems/actionpack-4.2.8/lib/action_dispatch/middleware/templates/routes/_table.html.erb (1.2ms)
  Rendered /Users/mac/.rvm/gems/ruby-2.2.3/gems/actionpack-4.2.8/lib/action_dispatch/middleware/templates/rescues/_request_and_response.html.erb (0.8ms)
  Rendered /Users/mac/.rvm/gems/ruby-2.2.3/gems/actionpack-4.2.8/lib/action_dispatch/middleware/templates/rescues/routing_error.html.erb within rescues/layout (55.6ms)
  Rendered /Users/mac/.rvm/gems/ruby-2.2.3/gems/web-console-2.3.0/lib/web_console/templates/_markup.html.erb (0.3ms)
  Rendered /Users/mac/.rvm/gems/ruby-2.2.3/gems/web-console-2.3.0/lib/web_console/templates/_inner_console_markup.html.erb within layouts/inlined_string (0.2ms)
  Rendered /Users/mac/.rvm/gems/ruby-2.2.3/gems/web-console-2.3.0/lib/web_console/templates/_prompt_box_markup.html.erb within layouts/inlined_string (0.2ms)
  Rendered /Users/mac/.rvm/gems/ruby-2.2.3/gems/web-console-2.3.0/lib/web_console/templates/style.css.erb within layouts/inlined_string (0.2ms)
  Rendered /Users/mac/.rvm/gems/ruby-2.2.3/gems/web-console-2.3.0/lib/web_console/templates/console.js.erb within layouts/javascript (34.7ms)
  Rendered /Users/mac/.rvm/gems/ruby-2.2.3/gems/web-console-2.3.0/lib/web_console/templates/main.js.erb within layouts/javascript (0.3ms)
  Rendered /Users/mac/.rvm/gems/ruby-2.2.3/gems/web-console-2.3.0/lib/web_console/templates/error_page.js.erb within layouts/javascript (0.4ms)
  Rendered /Users/mac/.rvm/gems/ruby-2.2.3/gems/web-console-2.3.0/lib/web_console/templates/index.html.erb (80.3ms)


Started GET "/path1" for ::1 at 2017-04-11 17:38:33 +0800

ActionController::RoutingError (No route matches [GET] "/path1"):
  actionpack (4.2.8) lib/action_dispatch/middleware/debug_exceptions.rb:21:in `call'
  web-console (2.3.0) lib/web_console/middleware.rb:28:in `block in call'
  web-console (2.3.0) lib/web_console/middleware.rb:18:in `catch'
  web-console (2.3.0) lib/web_console/middleware.rb:18:in `call'
  actionpack (4.2.8) lib/action_dispatch/middleware/show_exceptions.rb:30:in `call'
  railties (4.2.8) lib/rails/rack/logger.rb:38:in `call_app'
  railties (4.2.8) lib/rails/rack/logger.rb:20:in `block in call'
  activesupport (4.2.8) lib/active_support/tagged_logging.rb:68:in `block in tagged'
  activesupport (4.2.8) lib/active_support/tagged_logging.rb:26:in `tagged'
  activesupport (4.2.8) lib/active_support/tagged_logging.rb:68:in `tagged'
  railties (4.2.8) lib/rails/rack/logger.rb:20:in `call'
  actionpack (4.2.8) lib/action_dispatch/middleware/request_id.rb:21:in `call'
  rack (1.6.5) lib/rack/methodoverride.rb:22:in `call'
  rack (1.6.5) lib/rack/runtime.rb:18:in `call'
  activesupport (4.2.8) lib/active_support/cache/strategy/local_cache_middleware.rb:28:in `call'
  rack (1.6.5) lib/rack/lock.rb:17:in `call'
  actionpack (4.2.8) lib/action_dispatch/middleware/static.rb:120:in `call'
  rack (1.6.5) lib/rack/sendfile.rb:113:in `call'
  railties (4.2.8) lib/rails/engine.rb:518:in `call'
  railties (4.2.8) lib/rails/application.rb:165:in `call'
  rack (1.6.5) lib/rack/lock.rb:17:in `call'
  rack (1.6.5) lib/rack/content_length.rb:15:in `call'
  rack (1.6.5) lib/rack/handler/webrick.rb:88:in `service'
  /Users/mac/.rvm/rubies/ruby-2.2.3/lib/ruby/2.2.0/webrick/httpserver.rb:138:in `service'
  /Users/mac/.rvm/rubies/ruby-2.2.3/lib/ruby/2.2.0/webrick/httpserver.rb:94:in `run'
  /Users/mac/.rvm/rubies/ruby-2.2.3/lib/ruby/2.2.0/webrick/server.rb:294:in `block in start_thread'


  Rendered /Users/mac/.rvm/gems/ruby-2.2.3/gems/actionpack-4.2.8/lib/action_dispatch/middleware/templates/rescues/_trace.html.erb (1.1ms)
  Rendered /Users/mac/.rvm/gems/ruby-2.2.3/gems/actionpack-4.2.8/lib/action_dispatch/middleware/templates/routes/_route.html.erb (0.8ms)
  Rendered /Users/mac/.rvm/gems/ruby-2.2.3/gems/actionpack-4.2.8/lib/action_dispatch/middleware/templates/routes/_table.html.erb (1.0ms)
  Rendered /Users/mac/.rvm/gems/ruby-2.2.3/gems/actionpack-4.2.8/lib/action_dispatch/middleware/templates/rescues/_request_and_response.html.erb (0.8ms)
  Rendered /Users/mac/.rvm/gems/ruby-2.2.3/gems/actionpack-4.2.8/lib/action_dispatch/middleware/templates/rescues/routing_error.html.erb within rescues/layout (59.2ms)
  Rendered /Users/mac/.rvm/gems/ruby-2.2.3/gems/web-console-2.3.0/lib/web_console/templates/_markup.html.erb (0.4ms)
  Rendered /Users/mac/.rvm/gems/ruby-2.2.3/gems/web-console-2.3.0/lib/web_console/templates/_inner_console_markup.html.erb within layouts/inlined_string (0.2ms)
  Rendered /Users/mac/.rvm/gems/ruby-2.2.3/gems/web-console-2.3.0/lib/web_console/templates/_prompt_box_markup.html.erb within layouts/inlined_string (0.2ms)
  Rendered /Users/mac/.rvm/gems/ruby-2.2.3/gems/web-console-2.3.0/lib/web_console/templates/style.css.erb within layouts/inlined_string (0.2ms)
  Rendered /Users/mac/.rvm/gems/ruby-2.2.3/gems/web-console-2.3.0/lib/web_console/templates/console.js.erb within layouts/javascript (33.4ms)
  Rendered /Users/mac/.rvm/gems/ruby-2.2.3/gems/web-console-2.3.0/lib/web_console/templates/main.js.erb within layouts/javascript (0.4ms)
  Rendered /Users/mac/.rvm/gems/ruby-2.2.3/gems/web-console-2.3.0/lib/web_console/templates/error_page.js.erb within layouts/javascript (0.3ms)
  Rendered /Users/mac/.rvm/gems/ruby-2.2.3/gems/web-console-2.3.0/lib/web_console/templates/index.html.erb (79.7ms)


Started GET "/projects/new" for ::1 at 2017-04-11 17:38:45 +0800
Processing by ProjectsController#new as HTML
  Rendered projects/_form.html.erb (5.9ms)
  Rendered projects/new.html.erb within layouts/application (8.0ms)
Completed 200 OK in 41ms (Views: 35.5ms | ActiveRecord: 0.7ms)


Started GET "/" for ::1 at 2017-04-11 17:44:13 +0800
Processing by ProjectsController#index as HTML
  [1m[36mProject Load (0.4ms)[0m  [1mSELECT `projects`.* FROM `projects`[0m
  Rendered projects/index.html.erb within layouts/application (1.6ms)
Completed 200 OK in 29ms (Views: 28.3ms | ActiveRecord: 0.4ms)


Started GET "/" for ::1 at 2017-04-11 17:45:10 +0800
Processing by ProjectsController#index as HTML
  [1m[35mProject Load (0.4ms)[0m  SELECT `projects`.* FROM `projects`
  Rendered projects/index.html.erb within layouts/application (1.6ms)
Completed 200 OK in 30ms (Views: 29.6ms | ActiveRecord: 0.4ms)


Started GET "/path1" for ::1 at 2017-04-11 17:45:12 +0800

ActionController::RoutingError (No route matches [GET] "/path1"):
  actionpack (4.2.8) lib/action_dispatch/middleware/debug_exceptions.rb:21:in `call'
  web-console (2.3.0) lib/web_console/middleware.rb:28:in `block in call'
  web-console (2.3.0) lib/web_console/middleware.rb:18:in `catch'
  web-console (2.3.0) lib/web_console/middleware.rb:18:in `call'
  actionpack (4.2.8) lib/action_dispatch/middleware/show_exceptions.rb:30:in `call'
  railties (4.2.8) lib/rails/rack/logger.rb:38:in `call_app'
  railties (4.2.8) lib/rails/rack/logger.rb:20:in `block in call'
  activesupport (4.2.8) lib/active_support/tagged_logging.rb:68:in `block in tagged'
  activesupport (4.2.8) lib/active_support/tagged_logging.rb:26:in `tagged'
  activesupport (4.2.8) lib/active_support/tagged_logging.rb:68:in `tagged'
  railties (4.2.8) lib/rails/rack/logger.rb:20:in `call'
  actionpack (4.2.8) lib/action_dispatch/middleware/request_id.rb:21:in `call'
  rack (1.6.5) lib/rack/methodoverride.rb:22:in `call'
  rack (1.6.5) lib/rack/runtime.rb:18:in `call'
  activesupport (4.2.8) lib/active_support/cache/strategy/local_cache_middleware.rb:28:in `call'
  rack (1.6.5) lib/rack/lock.rb:17:in `call'
  actionpack (4.2.8) lib/action_dispatch/middleware/static.rb:120:in `call'
  rack (1.6.5) lib/rack/sendfile.rb:113:in `call'
  railties (4.2.8) lib/rails/engine.rb:518:in `call'
  railties (4.2.8) lib/rails/application.rb:165:in `call'
  rack (1.6.5) lib/rack/lock.rb:17:in `call'
  rack (1.6.5) lib/rack/content_length.rb:15:in `call'
  rack (1.6.5) lib/rack/handler/webrick.rb:88:in `service'
  /Users/mac/.rvm/rubies/ruby-2.2.3/lib/ruby/2.2.0/webrick/httpserver.rb:138:in `service'
  /Users/mac/.rvm/rubies/ruby-2.2.3/lib/ruby/2.2.0/webrick/httpserver.rb:94:in `run'
  /Users/mac/.rvm/rubies/ruby-2.2.3/lib/ruby/2.2.0/webrick/server.rb:294:in `block in start_thread'


  Rendered /Users/mac/.rvm/gems/ruby-2.2.3/gems/actionpack-4.2.8/lib/action_dispatch/middleware/templates/rescues/_trace.html.erb (0.8ms)
  Rendered /Users/mac/.rvm/gems/ruby-2.2.3/gems/actionpack-4.2.8/lib/action_dispatch/middleware/templates/routes/_route.html.erb (0.7ms)
  Rendered /Users/mac/.rvm/gems/ruby-2.2.3/gems/actionpack-4.2.8/lib/action_dispatch/middleware/templates/routes/_table.html.erb (0.9ms)
  Rendered /Users/mac/.rvm/gems/ruby-2.2.3/gems/actionpack-4.2.8/lib/action_dispatch/middleware/templates/rescues/_request_and_response.html.erb (0.8ms)
  Rendered /Users/mac/.rvm/gems/ruby-2.2.3/gems/actionpack-4.2.8/lib/action_dispatch/middleware/templates/rescues/routing_error.html.erb within rescues/layout (52.3ms)
  Rendered /Users/mac/.rvm/gems/ruby-2.2.3/gems/web-console-2.3.0/lib/web_console/templates/_markup.html.erb (0.3ms)
  Rendered /Users/mac/.rvm/gems/ruby-2.2.3/gems/web-console-2.3.0/lib/web_console/templates/_inner_console_markup.html.erb within layouts/inlined_string (0.2ms)
  Rendered /Users/mac/.rvm/gems/ruby-2.2.3/gems/web-console-2.3.0/lib/web_console/templates/_prompt_box_markup.html.erb within layouts/inlined_string (0.2ms)
  Rendered /Users/mac/.rvm/gems/ruby-2.2.3/gems/web-console-2.3.0/lib/web_console/templates/style.css.erb within layouts/inlined_string (0.2ms)
  Rendered /Users/mac/.rvm/gems/ruby-2.2.3/gems/web-console-2.3.0/lib/web_console/templates/console.js.erb within layouts/javascript (33.8ms)
  Rendered /Users/mac/.rvm/gems/ruby-2.2.3/gems/web-console-2.3.0/lib/web_console/templates/main.js.erb within layouts/javascript (0.2ms)
  Rendered /Users/mac/.rvm/gems/ruby-2.2.3/gems/web-console-2.3.0/lib/web_console/templates/error_page.js.erb within layouts/javascript (0.2ms)
  Rendered /Users/mac/.rvm/gems/ruby-2.2.3/gems/web-console-2.3.0/lib/web_console/templates/index.html.erb (76.2ms)


Started GET "/" for ::1 at 2017-04-11 17:45:47 +0800
Processing by ProjectsController#index as HTML
  [1m[36mProject Load (0.3ms)[0m  [1mSELECT `projects`.* FROM `projects`[0m
  Rendered projects/index.html.erb within layouts/application (1.4ms)
Completed 200 OK in 38ms (Views: 37.0ms | ActiveRecord: 0.3ms)


Started GET "/" for ::1 at 2017-04-11 17:46:14 +0800
Processing by ProjectsController#index as HTML
  [1m[35mProject Load (0.4ms)[0m  SELECT `projects`.* FROM `projects`
  Rendered projects/index.html.erb within layouts/application (1.5ms)
Completed 200 OK in 32ms (Views: 31.1ms | ActiveRecord: 0.4ms)


Started GET "/" for ::1 at 2017-04-11 17:54:13 +0800
Processing by ProjectsController#index as HTML
  [1m[36mProject Load (0.3ms)[0m  [1mSELECT `projects`.* FROM `projects`[0m
  Rendered projects/index.html.erb within layouts/application (1.6ms)
Completed 200 OK in 36ms (Views: 35.4ms | ActiveRecord: 0.3ms)


Started GET "/projects/new" for ::1 at 2017-04-11 17:54:59 +0800
Processing by ProjectsController#new as HTML
  Rendered projects/_form.html.erb (2.4ms)
  Rendered projects/new.html.erb within layouts/application (4.2ms)
Completed 200 OK in 34ms (Views: 33.5ms | ActiveRecord: 0.0ms)


Started POST "/projects" for ::1 at 2017-04-11 17:55:12 +0800
Processing by ProjectsController#create as HTML
  Parameters: {"utf8"=>"✓", "authenticity_token"=>"uyVa7pH5SyC9NQTEkYWwclBsoBw8sTtTpMUuJQnZ+SZRxWaBRi3uIrsPLLKqRu1TosNEHrVY176vaLwTmu5e3A==", "project"=>{"abbr_name"=>"123", "name"=>"132", "proj_types"=>"123", "proj_start_time"=>"20140202", "proj_end_time"=>"20140202", "deleted_at"=>""}, "commit"=>"Create Project"}
  [1m[35m (0.2ms)[0m  BEGIN
  [1m[36mSQL (0.3ms)[0m  [1mINSERT INTO `projects` (`abbr_name`, `name`, `proj_types`, `proj_start_time`, `proj_end_time`, `created_at`, `updated_at`) VALUES ('123', '132', '123', '2014-02-02 00:00:00', '2014-02-02 00:00:00', '2017-04-11 09:55:12', '2017-04-11 09:55:12')[0m
  [1m[35m (7.6ms)[0m  COMMIT
Redirected to http://localhost:3000/projects/1
Completed 302 Found in 12ms (ActiveRecord: 8.1ms)


Started GET "/projects/1" for ::1 at 2017-04-11 17:55:12 +0800
Processing by ProjectsController#show as HTML
  Parameters: {"id"=>"1"}
  [1m[36mProject Load (0.4ms)[0m  [1mSELECT  `projects`.* FROM `projects` WHERE `projects`.`id` = 1 LIMIT 1[0m
  Rendered projects/show.html.erb within layouts/application (2.1ms)
Completed 200 OK in 44ms (Views: 30.6ms | ActiveRecord: 0.4ms)


Started GET "/projects" for ::1 at 2017-04-11 17:55:14 +0800
Processing by ProjectsController#index as HTML
  [1m[35mProject Load (0.3ms)[0m  SELECT `projects`.* FROM `projects`
  Rendered projects/index.html.erb within layouts/application (2.6ms)
Completed 200 OK in 32ms (Views: 31.5ms | ActiveRecord: 0.3ms)


Started GET "/projects" for ::1 at 2017-04-11 17:57:17 +0800
Processing by ProjectsController#index as HTML
  [1m[36mProject Load (0.3ms)[0m  [1mSELECT `projects`.* FROM `projects`[0m
  Rendered projects/index.html.erb within layouts/application (2.0ms)
Completed 200 OK in 30ms (Views: 28.9ms | ActiveRecord: 0.3ms)


Started GET "/projects" for ::1 at 2017-04-11 17:57:23 +0800
Processing by ProjectsController#index as HTML
  [1m[35mProject Load (0.4ms)[0m  SELECT `projects`.* FROM `projects`
  Rendered projects/index.html.erb within layouts/application (10.6ms)
Completed 500 Internal Server Error in 14ms (ActiveRecord: 0.4ms)

ActionView::Template::Error (undefined local variable or method `项目编号' for #<#<Class:0x007f8c48db8388>:0x007f8c50ac47c8>):
     5: <table class="table table-striped">
     6:   <thead>
     7:     <tr>
     8:       <th><%= 项目编号 %></th>
     9:       <th><%= 项目简称 %></th>
    10:       <th><%= 项目全称 %></th>
    11:       <th><%= 项目类型 %></th>
  app/views/projects/index.html.erb:8:in `_app_views_projects_index_html_erb___804141120838309737_70120251824640'


  Rendered /Users/mac/.rvm/gems/ruby-2.2.3/gems/actionpack-4.2.8/lib/action_dispatch/middleware/templates/rescues/_source.erb (4.8ms)
  Rendered /Users/mac/.rvm/gems/ruby-2.2.3/gems/actionpack-4.2.8/lib/action_dispatch/middleware/templates/rescues/_trace.html.erb (1.9ms)
  Rendered /Users/mac/.rvm/gems/ruby-2.2.3/gems/actionpack-4.2.8/lib/action_dispatch/middleware/templates/rescues/_request_and_response.html.erb (0.6ms)
  Rendered /Users/mac/.rvm/gems/ruby-2.2.3/gems/actionpack-4.2.8/lib/action_dispatch/middleware/templates/rescues/template_error.html.erb within rescues/layout (43.6ms)
  Rendered /Users/mac/.rvm/gems/ruby-2.2.3/gems/web-console-2.3.0/lib/web_console/templates/_markup.html.erb (0.4ms)
  Rendered /Users/mac/.rvm/gems/ruby-2.2.3/gems/web-console-2.3.0/lib/web_console/templates/_inner_console_markup.html.erb within layouts/inlined_string (0.2ms)
  Rendered /Users/mac/.rvm/gems/ruby-2.2.3/gems/web-console-2.3.0/lib/web_console/templates/_prompt_box_markup.html.erb within layouts/inlined_string (0.3ms)
  Rendered /Users/mac/.rvm/gems/ruby-2.2.3/gems/web-console-2.3.0/lib/web_console/templates/style.css.erb within layouts/inlined_string (0.3ms)
  Rendered /Users/mac/.rvm/gems/ruby-2.2.3/gems/web-console-2.3.0/lib/web_console/templates/console.js.erb within layouts/javascript (37.5ms)
  Rendered /Users/mac/.rvm/gems/ruby-2.2.3/gems/web-console-2.3.0/lib/web_console/templates/main.js.erb within layouts/javascript (0.2ms)
  Rendered /Users/mac/.rvm/gems/ruby-2.2.3/gems/web-console-2.3.0/lib/web_console/templates/error_page.js.erb within layouts/javascript (0.3ms)
  Rendered /Users/mac/.rvm/gems/ruby-2.2.3/gems/web-console-2.3.0/lib/web_console/templates/index.html.erb (83.5ms)


Started GET "/projects" for ::1 at 2017-04-11 17:59:38 +0800
Processing by ProjectsController#index as HTML
  [1m[36mProject Load (0.3ms)[0m  [1mSELECT `projects`.* FROM `projects`[0m
  Rendered projects/index.html.erb within layouts/application (2.6ms)
Completed 200 OK in 48ms (Views: 47.0ms | ActiveRecord: 0.3ms)


Started GET "/projects" for ::1 at 2017-04-11 17:59:49 +0800
Processing by ProjectsController#index as HTML
  [1m[35mProject Load (0.3ms)[0m  SELECT `projects`.* FROM `projects`
  Rendered projects/index.html.erb within layouts/application (2.9ms)
Completed 200 OK in 38ms (Views: 36.6ms | ActiveRecord: 0.3ms)


Started GET "/projects" for ::1 at 2017-04-11 17:59:58 +0800
Processing by ProjectsController#index as HTML
  [1m[36mProject Load (0.3ms)[0m  [1mSELECT `projects`.* FROM `projects`[0m
  Rendered projects/index.html.erb within layouts/application (2.9ms)
Completed 200 OK in 39ms (Views: 38.4ms | ActiveRecord: 0.3ms)


Started GET "/path3" for ::1 at 2017-04-11 18:00:02 +0800

ActionController::RoutingError (No route matches [GET] "/path3"):
  actionpack (4.2.8) lib/action_dispatch/middleware/debug_exceptions.rb:21:in `call'
  web-console (2.3.0) lib/web_console/middleware.rb:28:in `block in call'
  web-console (2.3.0) lib/web_console/middleware.rb:18:in `catch'
  web-console (2.3.0) lib/web_console/middleware.rb:18:in `call'
  actionpack (4.2.8) lib/action_dispatch/middleware/show_exceptions.rb:30:in `call'
  railties (4.2.8) lib/rails/rack/logger.rb:38:in `call_app'
  railties (4.2.8) lib/rails/rack/logger.rb:20:in `block in call'
  activesupport (4.2.8) lib/active_support/tagged_logging.rb:68:in `block in tagged'
  activesupport (4.2.8) lib/active_support/tagged_logging.rb:26:in `tagged'
  activesupport (4.2.8) lib/active_support/tagged_logging.rb:68:in `tagged'
  railties (4.2.8) lib/rails/rack/logger.rb:20:in `call'
  actionpack (4.2.8) lib/action_dispatch/middleware/request_id.rb:21:in `call'
  rack (1.6.5) lib/rack/methodoverride.rb:22:in `call'
  rack (1.6.5) lib/rack/runtime.rb:18:in `call'
  activesupport (4.2.8) lib/active_support/cache/strategy/local_cache_middleware.rb:28:in `call'
  rack (1.6.5) lib/rack/lock.rb:17:in `call'
  actionpack (4.2.8) lib/action_dispatch/middleware/static.rb:120:in `call'
  rack (1.6.5) lib/rack/sendfile.rb:113:in `call'
  railties (4.2.8) lib/rails/engine.rb:518:in `call'
  railties (4.2.8) lib/rails/application.rb:165:in `call'
  rack (1.6.5) lib/rack/lock.rb:17:in `call'
  rack (1.6.5) lib/rack/content_length.rb:15:in `call'
  rack (1.6.5) lib/rack/handler/webrick.rb:88:in `service'
  /Users/mac/.rvm/rubies/ruby-2.2.3/lib/ruby/2.2.0/webrick/httpserver.rb:138:in `service'
  /Users/mac/.rvm/rubies/ruby-2.2.3/lib/ruby/2.2.0/webrick/httpserver.rb:94:in `run'
  /Users/mac/.rvm/rubies/ruby-2.2.3/lib/ruby/2.2.0/webrick/server.rb:294:in `block in start_thread'


  Rendered /Users/mac/.rvm/gems/ruby-2.2.3/gems/actionpack-4.2.8/lib/action_dispatch/middleware/templates/rescues/_trace.html.erb (1.2ms)
  Rendered /Users/mac/.rvm/gems/ruby-2.2.3/gems/actionpack-4.2.8/lib/action_dispatch/middleware/templates/routes/_route.html.erb (1.0ms)
  Rendered /Users/mac/.rvm/gems/ruby-2.2.3/gems/actionpack-4.2.8/lib/action_dispatch/middleware/templates/routes/_table.html.erb (1.9ms)
  Rendered /Users/mac/.rvm/gems/ruby-2.2.3/gems/actionpack-4.2.8/lib/action_dispatch/middleware/templates/rescues/_request_and_response.html.erb (1.3ms)
  Rendered /Users/mac/.rvm/gems/ruby-2.2.3/gems/actionpack-4.2.8/lib/action_dispatch/middleware/templates/rescues/routing_error.html.erb within rescues/layout (55.6ms)
  Rendered /Users/mac/.rvm/gems/ruby-2.2.3/gems/web-console-2.3.0/lib/web_console/templates/_markup.html.erb (0.3ms)
  Rendered /Users/mac/.rvm/gems/ruby-2.2.3/gems/web-console-2.3.0/lib/web_console/templates/_inner_console_markup.html.erb within layouts/inlined_string (0.4ms)
  Rendered /Users/mac/.rvm/gems/ruby-2.2.3/gems/web-console-2.3.0/lib/web_console/templates/_prompt_box_markup.html.erb within layouts/inlined_string (0.2ms)
  Rendered /Users/mac/.rvm/gems/ruby-2.2.3/gems/web-console-2.3.0/lib/web_console/templates/style.css.erb within layouts/inlined_string (0.3ms)
  Rendered /Users/mac/.rvm/gems/ruby-2.2.3/gems/web-console-2.3.0/lib/web_console/templates/console.js.erb within layouts/javascript (44.1ms)
  Rendered /Users/mac/.rvm/gems/ruby-2.2.3/gems/web-console-2.3.0/lib/web_console/templates/main.js.erb within layouts/javascript (0.2ms)
  Rendered /Users/mac/.rvm/gems/ruby-2.2.3/gems/web-console-2.3.0/lib/web_console/templates/error_page.js.erb within layouts/javascript (0.4ms)
  Rendered /Users/mac/.rvm/gems/ruby-2.2.3/gems/web-console-2.3.0/lib/web_console/templates/index.html.erb (91.6ms)


Started GET "/projects" for ::1 at 2017-04-11 18:49:54 +0800
Processing by ProjectsController#index as HTML
  [1m[35mProject Load (0.3ms)[0m  SELECT `projects`.* FROM `projects`
  Rendered projects/index.html.erb within layouts/application (10.9ms)
Completed 200 OK in 45ms (Views: 42.5ms | ActiveRecord: 1.1ms)


Started GET "/projects" for ::1 at 2017-04-11 18:51:49 +0800
Processing by ProjectsController#index as HTML
  [1m[36mProject Load (0.3ms)[0m  [1mSELECT `projects`.* FROM `projects`[0m
  Rendered projects/index.html.erb within layouts/application (1.5ms)
Completed 200 OK in 34ms (Views: 32.9ms | ActiveRecord: 0.3ms)


Started GET "/projects" for ::1 at 2017-04-11 18:51:55 +0800
Processing by ProjectsController#index as HTML
  [1m[35mProject Load (0.4ms)[0m  SELECT `projects`.* FROM `projects`
  Rendered projects/index.html.erb within layouts/application (10.7ms)
Completed 200 OK in 51ms (Views: 48.0ms | ActiveRecord: 1.3ms)


Started GET "/projects" for ::1 at 2017-04-11 18:52:32 +0800
Processing by ProjectsController#index as HTML
  [1m[36mProject Load (0.3ms)[0m  [1mSELECT `projects`.* FROM `projects`[0m
  Rendered projects/index.html.erb within layouts/application (9.1ms)
Completed 200 OK in 38ms (Views: 35.2ms | ActiveRecord: 1.2ms)


Started GET "/projects" for ::1 at 2017-04-11 18:52:36 +0800
Processing by ProjectsController#index as HTML
  [1m[35mProject Load (0.3ms)[0m  SELECT `projects`.* FROM `projects`
  Rendered projects/index.html.erb within layouts/application (1.6ms)
Completed 200 OK in 32ms (Views: 31.5ms | ActiveRecord: 0.3ms)


Started GET "/projects" for ::1 at 2017-04-11 18:53:56 +0800
Processing by ProjectsController#index as HTML
  [1m[36mProject Load (0.3ms)[0m  [1mSELECT `projects`.* FROM `projects`[0m
  Rendered projects/index.html.erb within layouts/application (2.9ms)
Completed 200 OK in 32ms (Views: 30.8ms | ActiveRecord: 0.3ms)


Started GET "/projects/1/edit" for ::1 at 2017-04-11 18:54:01 +0800
Processing by ProjectsController#edit as HTML
  Parameters: {"id"=>"1"}
  [1m[35mProject Load (0.5ms)[0m  SELECT  `projects`.* FROM `projects` WHERE `projects`.`id` = 1 LIMIT 1
  Rendered projects/_form.html.erb (3.1ms)
  Rendered projects/edit.html.erb within layouts/application (5.5ms)
Completed 200 OK in 36ms (Views: 34.7ms | ActiveRecord: 0.5ms)


Started GET "/projects/1/edit" for ::1 at 2017-04-11 18:56:43 +0800
Processing by ProjectsController#edit as HTML
  Parameters: {"id"=>"1"}
  [1m[36mProject Load (0.4ms)[0m  [1mSELECT  `projects`.* FROM `projects` WHERE `projects`.`id` = 1 LIMIT 1[0m
  Rendered projects/_form.html.erb (3.2ms)
  Rendered projects/edit.html.erb within layouts/application (4.7ms)
Completed 200 OK in 35ms (Views: 33.5ms | ActiveRecord: 0.4ms)


Started GET "/projects/1/edit" for ::1 at 2017-04-11 18:57:46 +0800
Processing by ProjectsController#edit as HTML
  Parameters: {"id"=>"1"}
  [1m[35mProject Load (0.4ms)[0m  SELECT  `projects`.* FROM `projects` WHERE `projects`.`id` = 1 LIMIT 1
  Rendered projects/_form.html.erb (2.0ms)
  Rendered projects/edit.html.erb within layouts/application (3.4ms)
Completed 200 OK in 33ms (Views: 32.1ms | ActiveRecord: 0.4ms)


Started GET "/projects/1/edit" for ::1 at 2017-04-11 18:57:52 +0800
Processing by ProjectsController#edit as HTML
  Parameters: {"id"=>"1"}
  [1m[36mProject Load (0.4ms)[0m  [1mSELECT  `projects`.* FROM `projects` WHERE `projects`.`id` = 1 LIMIT 1[0m
  Rendered projects/_form.html.erb (1.3ms)
  Rendered projects/edit.html.erb within layouts/application (3.0ms)
Completed 500 Internal Server Error in 7ms (ActiveRecord: 0.4ms)

SyntaxError (/Users/mac/Projects/my_apc/app/views/projects/_form.html.erb:57: syntax error, unexpected ':', expecting ')'
...fer.append=( f.submit :提交 :class => 'btn btn-primary' );...
...                               ^):
  app/views/projects/_form.html.erb:57: syntax error, unexpected ':', expecting ')'
  app/views/projects/edit.html.erb:5:in `_app_views_projects_edit_html_erb___1299601432253991138_70120316850180'


  Rendered /Users/mac/.rvm/gems/ruby-2.2.3/gems/actionpack-4.2.8/lib/action_dispatch/middleware/templates/rescues/_source.erb (5.1ms)
  Rendered /Users/mac/.rvm/gems/ruby-2.2.3/gems/actionpack-4.2.8/lib/action_dispatch/middleware/templates/rescues/_trace.html.erb (1.9ms)
  Rendered /Users/mac/.rvm/gems/ruby-2.2.3/gems/actionpack-4.2.8/lib/action_dispatch/middleware/templates/rescues/_request_and_response.html.erb (0.6ms)
  Rendered /Users/mac/.rvm/gems/ruby-2.2.3/gems/actionpack-4.2.8/lib/action_dispatch/middleware/templates/rescues/diagnostics.html.erb within rescues/layout (42.2ms)
  Rendered /Users/mac/.rvm/gems/ruby-2.2.3/gems/web-console-2.3.0/lib/web_console/templates/_markup.html.erb (0.2ms)
  Rendered /Users/mac/.rvm/gems/ruby-2.2.3/gems/web-console-2.3.0/lib/web_console/templates/_inner_console_markup.html.erb within layouts/inlined_string (0.2ms)
  Rendered /Users/mac/.rvm/gems/ruby-2.2.3/gems/web-console-2.3.0/lib/web_console/templates/_prompt_box_markup.html.erb within layouts/inlined_string (0.1ms)
  Rendered /Users/mac/.rvm/gems/ruby-2.2.3/gems/web-console-2.3.0/lib/web_console/templates/style.css.erb within layouts/inlined_string (0.2ms)
  Rendered /Users/mac/.rvm/gems/ruby-2.2.3/gems/web-console-2.3.0/lib/web_console/templates/console.js.erb within layouts/javascript (33.3ms)
  Rendered /Users/mac/.rvm/gems/ruby-2.2.3/gems/web-console-2.3.0/lib/web_console/templates/main.js.erb within layouts/javascript (0.3ms)
  Rendered /Users/mac/.rvm/gems/ruby-2.2.3/gems/web-console-2.3.0/lib/web_console/templates/error_page.js.erb within layouts/javascript (0.3ms)
  Rendered /Users/mac/.rvm/gems/ruby-2.2.3/gems/web-console-2.3.0/lib/web_console/templates/index.html.erb (74.3ms)


Started GET "/projects/1/edit" for ::1 at 2017-04-11 18:58:01 +0800
Processing by ProjectsController#edit as HTML
  Parameters: {"id"=>"1"}
  [1m[35mProject Load (0.4ms)[0m  SELECT  `projects`.* FROM `projects` WHERE `projects`.`id` = 1 LIMIT 1
  Rendered projects/_form.html.erb (1.2ms)
  Rendered projects/edit.html.erb within layouts/application (2.7ms)
Completed 500 Internal Server Error in 7ms (ActiveRecord: 0.3ms)

SyntaxError (/Users/mac/Projects/my_apc/app/views/projects/_form.html.erb:57: syntax error, unexpected ':', expecting ')'
..._buffer.append=( f.submit nil :class => 'btn btn-primary' );...
...                               ^):
  app/views/projects/_form.html.erb:57: syntax error, unexpected ':', expecting ')'
  app/views/projects/edit.html.erb:5:in `_app_views_projects_edit_html_erb___1299601432253991138_70120316850180'


  Rendered /Users/mac/.rvm/gems/ruby-2.2.3/gems/actionpack-4.2.8/lib/action_dispatch/middleware/templates/rescues/_source.erb (5.3ms)
  Rendered /Users/mac/.rvm/gems/ruby-2.2.3/gems/actionpack-4.2.8/lib/action_dispatch/middleware/templates/rescues/_trace.html.erb (2.2ms)
  Rendered /Users/mac/.rvm/gems/ruby-2.2.3/gems/actionpack-4.2.8/lib/action_dispatch/middleware/templates/rescues/_request_and_response.html.erb (0.7ms)
  Rendered /Users/mac/.rvm/gems/ruby-2.2.3/gems/actionpack-4.2.8/lib/action_dispatch/middleware/templates/rescues/diagnostics.html.erb within rescues/layout (43.4ms)
  Rendered /Users/mac/.rvm/gems/ruby-2.2.3/gems/web-console-2.3.0/lib/web_console/templates/_markup.html.erb (0.3ms)
  Rendered /Users/mac/.rvm/gems/ruby-2.2.3/gems/web-console-2.3.0/lib/web_console/templates/_inner_console_markup.html.erb within layouts/inlined_string (0.2ms)
  Rendered /Users/mac/.rvm/gems/ruby-2.2.3/gems/web-console-2.3.0/lib/web_console/templates/_prompt_box_markup.html.erb within layouts/inlined_string (0.4ms)
  Rendered /Users/mac/.rvm/gems/ruby-2.2.3/gems/web-console-2.3.0/lib/web_console/templates/style.css.erb within layouts/inlined_string (0.3ms)
  Rendered /Users/mac/.rvm/gems/ruby-2.2.3/gems/web-console-2.3.0/lib/web_console/templates/console.js.erb within layouts/javascript (34.9ms)
  Rendered /Users/mac/.rvm/gems/ruby-2.2.3/gems/web-console-2.3.0/lib/web_console/templates/main.js.erb within layouts/javascript (0.2ms)
  Rendered /Users/mac/.rvm/gems/ruby-2.2.3/gems/web-console-2.3.0/lib/web_console/templates/error_page.js.erb within layouts/javascript (0.3ms)
  Rendered /Users/mac/.rvm/gems/ruby-2.2.3/gems/web-console-2.3.0/lib/web_console/templates/index.html.erb (76.3ms)


Started GET "/projects/1/edit" for ::1 at 2017-04-11 18:58:02 +0800
Processing by ProjectsController#edit as HTML
  Parameters: {"id"=>"1"}
  [1m[36mProject Load (0.3ms)[0m  [1mSELECT  `projects`.* FROM `projects` WHERE `projects`.`id` = 1 LIMIT 1[0m
  Rendered projects/_form.html.erb (1.3ms)
  Rendered projects/edit.html.erb within layouts/application (2.8ms)
Completed 500 Internal Server Error in 7ms (ActiveRecord: 0.3ms)

SyntaxError (/Users/mac/Projects/my_apc/app/views/projects/_form.html.erb:57: syntax error, unexpected ':', expecting ')'
..._buffer.append=( f.submit nil :class => 'btn btn-primary' );...
...                               ^):
  app/views/projects/_form.html.erb:57: syntax error, unexpected ':', expecting ')'
  app/views/projects/edit.html.erb:5:in `_app_views_projects_edit_html_erb___1299601432253991138_70120316850180'


  Rendered /Users/mac/.rvm/gems/ruby-2.2.3/gems/actionpack-4.2.8/lib/action_dispatch/middleware/templates/rescues/_source.erb (4.3ms)
  Rendered /Users/mac/.rvm/gems/ruby-2.2.3/gems/actionpack-4.2.8/lib/action_dispatch/middleware/templates/rescues/_trace.html.erb (1.9ms)
  Rendered /Users/mac/.rvm/gems/ruby-2.2.3/gems/actionpack-4.2.8/lib/action_dispatch/middleware/templates/rescues/_request_and_response.html.erb (0.6ms)
  Rendered /Users/mac/.rvm/gems/ruby-2.2.3/gems/actionpack-4.2.8/lib/action_dispatch/middleware/templates/rescues/diagnostics.html.erb within rescues/layout (42.7ms)
  Rendered /Users/mac/.rvm/gems/ruby-2.2.3/gems/web-console-2.3.0/lib/web_console/templates/_markup.html.erb (0.3ms)
  Rendered /Users/mac/.rvm/gems/ruby-2.2.3/gems/web-console-2.3.0/lib/web_console/templates/_inner_console_markup.html.erb within layouts/inlined_string (0.2ms)
  Rendered /Users/mac/.rvm/gems/ruby-2.2.3/gems/web-console-2.3.0/lib/web_console/templates/_prompt_box_markup.html.erb within layouts/inlined_string (0.2ms)
  Rendered /Users/mac/.rvm/gems/ruby-2.2.3/gems/web-console-2.3.0/lib/web_console/templates/style.css.erb within layouts/inlined_string (0.3ms)
  Rendered /Users/mac/.rvm/gems/ruby-2.2.3/gems/web-console-2.3.0/lib/web_console/templates/console.js.erb within layouts/javascript (34.7ms)
  Rendered /Users/mac/.rvm/gems/ruby-2.2.3/gems/web-console-2.3.0/lib/web_console/templates/main.js.erb within layouts/javascript (0.2ms)
  Rendered /Users/mac/.rvm/gems/ruby-2.2.3/gems/web-console-2.3.0/lib/web_console/templates/error_page.js.erb within layouts/javascript (0.3ms)
  Rendered /Users/mac/.rvm/gems/ruby-2.2.3/gems/web-console-2.3.0/lib/web_console/templates/index.html.erb (79.1ms)


Started GET "/projects/" for ::1 at 2017-04-11 18:58:12 +0800
Processing by ProjectsController#index as HTML
  [1m[35mProject Load (0.3ms)[0m  SELECT `projects`.* FROM `projects`
  Rendered projects/index.html.erb within layouts/application (1.6ms)
Completed 200 OK in 28ms (Views: 27.0ms | ActiveRecord: 0.3ms)


Started GET "/projects/1/edit" for ::1 at 2017-04-11 18:58:14 +0800
Processing by ProjectsController#edit as HTML
  Parameters: {"id"=>"1"}
  [1m[36mProject Load (0.4ms)[0m  [1mSELECT  `projects`.* FROM `projects` WHERE `projects`.`id` = 1 LIMIT 1[0m
  Rendered projects/_form.html.erb (1.1ms)
  Rendered projects/edit.html.erb within layouts/application (2.9ms)
Completed 500 Internal Server Error in 8ms (ActiveRecord: 0.4ms)

SyntaxError (/Users/mac/Projects/my_apc/app/views/projects/_form.html.erb:57: syntax error, unexpected ':', expecting ')'
..._buffer.append=( f.submit nil :class => 'btn btn-primary' );...
...                               ^):
  app/views/projects/_form.html.erb:57: syntax error, unexpected ':', expecting ')'
  app/views/projects/edit.html.erb:5:in `_app_views_projects_edit_html_erb___1299601432253991138_70120316850180'


  Rendered /Users/mac/.rvm/gems/ruby-2.2.3/gems/actionpack-4.2.8/lib/action_dispatch/middleware/templates/rescues/_source.erb (4.7ms)
  Rendered /Users/mac/.rvm/gems/ruby-2.2.3/gems/actionpack-4.2.8/lib/action_dispatch/middleware/templates/rescues/_trace.html.erb (2.2ms)
  Rendered /Users/mac/.rvm/gems/ruby-2.2.3/gems/actionpack-4.2.8/lib/action_dispatch/middleware/templates/rescues/_request_and_response.html.erb (0.8ms)
  Rendered /Users/mac/.rvm/gems/ruby-2.2.3/gems/actionpack-4.2.8/lib/action_dispatch/middleware/templates/rescues/diagnostics.html.erb within rescues/layout (42.0ms)
  Rendered /Users/mac/.rvm/gems/ruby-2.2.3/gems/web-console-2.3.0/lib/web_console/templates/_markup.html.erb (0.3ms)
  Rendered /Users/mac/.rvm/gems/ruby-2.2.3/gems/web-console-2.3.0/lib/web_console/templates/_inner_console_markup.html.erb within layouts/inlined_string (0.2ms)
  Rendered /Users/mac/.rvm/gems/ruby-2.2.3/gems/web-console-2.3.0/lib/web_console/templates/_prompt_box_markup.html.erb within layouts/inlined_string (0.2ms)
  Rendered /Users/mac/.rvm/gems/ruby-2.2.3/gems/web-console-2.3.0/lib/web_console/templates/style.css.erb within layouts/inlined_string (0.3ms)
  Rendered /Users/mac/.rvm/gems/ruby-2.2.3/gems/web-console-2.3.0/lib/web_console/templates/console.js.erb within layouts/javascript (37.7ms)
  Rendered /Users/mac/.rvm/gems/ruby-2.2.3/gems/web-console-2.3.0/lib/web_console/templates/main.js.erb within layouts/javascript (0.2ms)
  Rendered /Users/mac/.rvm/gems/ruby-2.2.3/gems/web-console-2.3.0/lib/web_console/templates/error_page.js.erb within layouts/javascript (0.3ms)
  Rendered /Users/mac/.rvm/gems/ruby-2.2.3/gems/web-console-2.3.0/lib/web_console/templates/index.html.erb (82.4ms)


Started GET "/projects/1/edit" for ::1 at 2017-04-11 18:58:32 +0800
Processing by ProjectsController#edit as HTML
  Parameters: {"id"=>"1"}
  [1m[35mProject Load (0.3ms)[0m  SELECT  `projects`.* FROM `projects` WHERE `projects`.`id` = 1 LIMIT 1
  Rendered projects/_form.html.erb (1.1ms)
  Rendered projects/edit.html.erb within layouts/application (2.8ms)
Completed 500 Internal Server Error in 7ms (ActiveRecord: 0.3ms)

SyntaxError (/Users/mac/Projects/my_apc/app/views/projects/_form.html.erb:57: syntax error, unexpected ':', expecting ')'
..._buffer.append=( f.submit nil :class => 'btn btn-primary' );...
...                               ^):
  app/views/projects/_form.html.erb:57: syntax error, unexpected ':', expecting ')'
  app/views/projects/edit.html.erb:5:in `_app_views_projects_edit_html_erb___1299601432253991138_70120316850180'


  Rendered /Users/mac/.rvm/gems/ruby-2.2.3/gems/actionpack-4.2.8/lib/action_dispatch/middleware/templates/rescues/_source.erb (5.0ms)
  Rendered /Users/mac/.rvm/gems/ruby-2.2.3/gems/actionpack-4.2.8/lib/action_dispatch/middleware/templates/rescues/_trace.html.erb (2.1ms)
  Rendered /Users/mac/.rvm/gems/ruby-2.2.3/gems/actionpack-4.2.8/lib/action_dispatch/middleware/templates/rescues/_request_and_response.html.erb (0.8ms)
  Rendered /Users/mac/.rvm/gems/ruby-2.2.3/gems/actionpack-4.2.8/lib/action_dispatch/middleware/templates/rescues/diagnostics.html.erb within rescues/layout (43.0ms)
  Rendered /Users/mac/.rvm/gems/ruby-2.2.3/gems/web-console-2.3.0/lib/web_console/templates/_markup.html.erb (0.2ms)
  Rendered /Users/mac/.rvm/gems/ruby-2.2.3/gems/web-console-2.3.0/lib/web_console/templates/_inner_console_markup.html.erb within layouts/inlined_string (0.2ms)
  Rendered /Users/mac/.rvm/gems/ruby-2.2.3/gems/web-console-2.3.0/lib/web_console/templates/_prompt_box_markup.html.erb within layouts/inlined_string (0.2ms)
  Rendered /Users/mac/.rvm/gems/ruby-2.2.3/gems/web-console-2.3.0/lib/web_console/templates/style.css.erb within layouts/inlined_string (0.2ms)
  Rendered /Users/mac/.rvm/gems/ruby-2.2.3/gems/web-console-2.3.0/lib/web_console/templates/console.js.erb within layouts/javascript (33.6ms)
  Rendered /Users/mac/.rvm/gems/ruby-2.2.3/gems/web-console-2.3.0/lib/web_console/templates/main.js.erb within layouts/javascript (0.3ms)
  Rendered /Users/mac/.rvm/gems/ruby-2.2.3/gems/web-console-2.3.0/lib/web_console/templates/error_page.js.erb within layouts/javascript (0.3ms)
  Rendered /Users/mac/.rvm/gems/ruby-2.2.3/gems/web-console-2.3.0/lib/web_console/templates/index.html.erb (76.2ms)


Started GET "/projects/1/edit" for ::1 at 2017-04-11 18:58:36 +0800
Processing by ProjectsController#edit as HTML
  Parameters: {"id"=>"1"}
  [1m[36mProject Load (0.4ms)[0m  [1mSELECT  `projects`.* FROM `projects` WHERE `projects`.`id` = 1 LIMIT 1[0m
  Rendered projects/_form.html.erb (3.0ms)
  Rendered projects/edit.html.erb within layouts/application (4.5ms)
Completed 200 OK in 32ms (Views: 30.7ms | ActiveRecord: 0.4ms)


Started GET "/projects/1/edit" for ::1 at 2017-04-11 18:58:53 +0800
Processing by ProjectsController#edit as HTML
  Parameters: {"id"=>"1"}
  [1m[35mProject Load (0.4ms)[0m  SELECT  `projects`.* FROM `projects` WHERE `projects`.`id` = 1 LIMIT 1
  Rendered projects/_form.html.erb (1.8ms)
  Rendered projects/edit.html.erb within layouts/application (3.1ms)
Completed 200 OK in 30ms (Views: 28.8ms | ActiveRecord: 0.4ms)


Started GET "/path1" for ::1 at 2017-04-11 18:58:58 +0800

ActionController::RoutingError (No route matches [GET] "/path1"):
  actionpack (4.2.8) lib/action_dispatch/middleware/debug_exceptions.rb:21:in `call'
  web-console (2.3.0) lib/web_console/middleware.rb:28:in `block in call'
  web-console (2.3.0) lib/web_console/middleware.rb:18:in `catch'
  web-console (2.3.0) lib/web_console/middleware.rb:18:in `call'
  actionpack (4.2.8) lib/action_dispatch/middleware/show_exceptions.rb:30:in `call'
  railties (4.2.8) lib/rails/rack/logger.rb:38:in `call_app'
  railties (4.2.8) lib/rails/rack/logger.rb:20:in `block in call'
  activesupport (4.2.8) lib/active_support/tagged_logging.rb:68:in `block in tagged'
  activesupport (4.2.8) lib/active_support/tagged_logging.rb:26:in `tagged'
  activesupport (4.2.8) lib/active_support/tagged_logging.rb:68:in `tagged'
  railties (4.2.8) lib/rails/rack/logger.rb:20:in `call'
  actionpack (4.2.8) lib/action_dispatch/middleware/request_id.rb:21:in `call'
  rack (1.6.5) lib/rack/methodoverride.rb:22:in `call'
  rack (1.6.5) lib/rack/runtime.rb:18:in `call'
  activesupport (4.2.8) lib/active_support/cache/strategy/local_cache_middleware.rb:28:in `call'
  rack (1.6.5) lib/rack/lock.rb:17:in `call'
  actionpack (4.2.8) lib/action_dispatch/middleware/static.rb:120:in `call'
  rack (1.6.5) lib/rack/sendfile.rb:113:in `call'
  railties (4.2.8) lib/rails/engine.rb:518:in `call'
  railties (4.2.8) lib/rails/application.rb:165:in `call'
  rack (1.6.5) lib/rack/lock.rb:17:in `call'
  rack (1.6.5) lib/rack/content_length.rb:15:in `call'
  rack (1.6.5) lib/rack/handler/webrick.rb:88:in `service'
  /Users/mac/.rvm/rubies/ruby-2.2.3/lib/ruby/2.2.0/webrick/httpserver.rb:138:in `service'
  /Users/mac/.rvm/rubies/ruby-2.2.3/lib/ruby/2.2.0/webrick/httpserver.rb:94:in `run'
  /Users/mac/.rvm/rubies/ruby-2.2.3/lib/ruby/2.2.0/webrick/server.rb:294:in `block in start_thread'


  Rendered /Users/mac/.rvm/gems/ruby-2.2.3/gems/actionpack-4.2.8/lib/action_dispatch/middleware/templates/rescues/_trace.html.erb (1.0ms)
  Rendered /Users/mac/.rvm/gems/ruby-2.2.3/gems/actionpack-4.2.8/lib/action_dispatch/middleware/templates/routes/_route.html.erb (0.7ms)
  Rendered /Users/mac/.rvm/gems/ruby-2.2.3/gems/actionpack-4.2.8/lib/action_dispatch/middleware/templates/routes/_table.html.erb (0.8ms)
  Rendered /Users/mac/.rvm/gems/ruby-2.2.3/gems/actionpack-4.2.8/lib/action_dispatch/middleware/templates/rescues/_request_and_response.html.erb (0.8ms)
  Rendered /Users/mac/.rvm/gems/ruby-2.2.3/gems/actionpack-4.2.8/lib/action_dispatch/middleware/templates/rescues/routing_error.html.erb within rescues/layout (49.8ms)
  Rendered /Users/mac/.rvm/gems/ruby-2.2.3/gems/web-console-2.3.0/lib/web_console/templates/_markup.html.erb (0.2ms)
  Rendered /Users/mac/.rvm/gems/ruby-2.2.3/gems/web-console-2.3.0/lib/web_console/templates/_inner_console_markup.html.erb within layouts/inlined_string (0.2ms)
  Rendered /Users/mac/.rvm/gems/ruby-2.2.3/gems/web-console-2.3.0/lib/web_console/templates/_prompt_box_markup.html.erb within layouts/inlined_string (0.2ms)
  Rendered /Users/mac/.rvm/gems/ruby-2.2.3/gems/web-console-2.3.0/lib/web_console/templates/style.css.erb within layouts/inlined_string (0.2ms)
  Rendered /Users/mac/.rvm/gems/ruby-2.2.3/gems/web-console-2.3.0/lib/web_console/templates/console.js.erb within layouts/javascript (33.6ms)
  Rendered /Users/mac/.rvm/gems/ruby-2.2.3/gems/web-console-2.3.0/lib/web_console/templates/main.js.erb within layouts/javascript (0.2ms)
  Rendered /Users/mac/.rvm/gems/ruby-2.2.3/gems/web-console-2.3.0/lib/web_console/templates/error_page.js.erb within layouts/javascript (0.2ms)
  Rendered /Users/mac/.rvm/gems/ruby-2.2.3/gems/web-console-2.3.0/lib/web_console/templates/index.html.erb (74.3ms)


Started GET "/projects/1/edit" for ::1 at 2017-04-11 18:59:04 +0800
Processing by ProjectsController#edit as HTML
  Parameters: {"id"=>"1"}
  [1m[36mProject Load (0.4ms)[0m  [1mSELECT  `projects`.* FROM `projects` WHERE `projects`.`id` = 1 LIMIT 1[0m
  Rendered projects/_form.html.erb (2.3ms)
  Rendered projects/edit.html.erb within layouts/application (4.3ms)
Completed 200 OK in 36ms (Views: 35.2ms | ActiveRecord: 0.4ms)


Started GET "/projects/1/edit" for ::1 at 2017-04-11 18:59:06 +0800
Processing by ProjectsController#edit as HTML
  Parameters: {"id"=>"1"}
  [1m[35mProject Load (0.4ms)[0m  SELECT  `projects`.* FROM `projects` WHERE `projects`.`id` = 1 LIMIT 1
  Rendered projects/_form.html.erb (2.3ms)
  Rendered projects/edit.html.erb within layouts/application (4.1ms)
Completed 200 OK in 36ms (Views: 34.8ms | ActiveRecord: 0.4ms)


Started GET "/projects/1/edit" for ::1 at 2017-04-11 18:59:07 +0800
Processing by ProjectsController#edit as HTML
  Parameters: {"id"=>"1"}
  [1m[36mProject Load (0.4ms)[0m  [1mSELECT  `projects`.* FROM `projects` WHERE `projects`.`id` = 1 LIMIT 1[0m
  Rendered projects/_form.html.erb (2.6ms)
  Rendered projects/edit.html.erb within layouts/application (5.1ms)
Completed 200 OK in 38ms (Views: 36.5ms | ActiveRecord: 0.4ms)


Started GET "/projects" for ::1 at 2017-04-11 18:59:26 +0800
Processing by ProjectsController#index as HTML
  [1m[35mProject Load (0.2ms)[0m  SELECT `projects`.* FROM `projects`
  Rendered projects/index.html.erb within layouts/application (1.5ms)
Completed 200 OK in 30ms (Views: 29.0ms | ActiveRecord: 0.2ms)


Started GET "/projects" for ::1 at 2017-04-11 19:01:07 +0800
Processing by ProjectsController#index as HTML
  [1m[36mProject Load (0.3ms)[0m  [1mSELECT `projects`.* FROM `projects`[0m
  Rendered projects/index.html.erb within layouts/application (9.9ms)
Completed 200 OK in 39ms (Views: 36.6ms | ActiveRecord: 1.4ms)


Started GET "/projects" for ::1 at 2017-04-11 19:09:26 +0800
Processing by ProjectsController#index as HTML
  [1m[35mProject Load (0.4ms)[0m  SELECT `projects`.* FROM `projects`
  Rendered projects/index.html.erb within layouts/application (21.8ms)
Completed 200 OK in 53ms (Views: 50.6ms | ActiveRecord: 1.3ms)


Started GET "/projects" for ::1 at 2017-04-11 19:09:28 +0800
Processing by ProjectsController#index as HTML
  [1m[36mProject Load (0.3ms)[0m  [1mSELECT `projects`.* FROM `projects`[0m
  Rendered projects/index.html.erb within layouts/application (1.9ms)
Completed 200 OK in 32ms (Views: 30.8ms | ActiveRecord: 0.3ms)


Started GET "/projects/1" for ::1 at 2017-04-11 19:09:29 +0800
Processing by ProjectsController#show as HTML
  Parameters: {"id"=>"1"}
  [1m[35mProject Load (0.6ms)[0m  SELECT  `projects`.* FROM `projects` WHERE `projects`.`id` = 1 LIMIT 1
  Rendered projects/show.html.erb within layouts/application (1.5ms)
Completed 200 OK in 30ms (Views: 28.1ms | ActiveRecord: 0.6ms)


Started GET "/projects/1/edit" for ::1 at 2017-04-11 19:09:40 +0800
Processing by ProjectsController#edit as HTML
  Parameters: {"id"=>"1"}
  [1m[36mProject Load (0.4ms)[0m  [1mSELECT  `projects`.* FROM `projects` WHERE `projects`.`id` = 1 LIMIT 1[0m
  Rendered projects/_form.html.erb (11.0ms)
  Rendered projects/edit.html.erb within layouts/application (12.8ms)
Completed 200 OK in 46ms (Views: 45.1ms | ActiveRecord: 0.4ms)


Started GET "/projects" for ::1 at 2017-04-11 19:17:51 +0800
Processing by ProjectsController#index as HTML
  [1m[35mProject Load (0.4ms)[0m  SELECT `projects`.* FROM `projects`
  Rendered projects/index.html.erb within layouts/application (2.4ms)
Completed 200 OK in 35ms (Views: 34.0ms | ActiveRecord: 0.4ms)


Started GET "/projects/1" for ::1 at 2017-04-11 19:17:52 +0800
Processing by ProjectsController#show as HTML
  Parameters: {"id"=>"1"}
  [1m[36mProject Load (0.4ms)[0m  [1mSELECT  `projects`.* FROM `projects` WHERE `projects`.`id` = 1 LIMIT 1[0m
  Rendered projects/show.html.erb within layouts/application (2.0ms)
Completed 200 OK in 37ms (Views: 35.5ms | ActiveRecord: 0.4ms)


Started GET "/projects/1" for ::1 at 2017-04-11 19:18:06 +0800
Processing by ProjectsController#show as HTML
  Parameters: {"id"=>"1"}
  [1m[35mProject Load (0.3ms)[0m  SELECT  `projects`.* FROM `projects` WHERE `projects`.`id` = 1 LIMIT 1
  Rendered projects/show.html.erb within layouts/application (1.6ms)
Completed 200 OK in 31ms (Views: 30.5ms | ActiveRecord: 0.3ms)


Started GET "/projects" for ::1 at 2017-04-11 19:18:08 +0800
Processing by ProjectsController#index as HTML
  [1m[36mProject Load (0.3ms)[0m  [1mSELECT `projects`.* FROM `projects`[0m
  Rendered projects/index.html.erb within layouts/application (2.1ms)
Completed 200 OK in 33ms (Views: 31.7ms | ActiveRecord: 0.3ms)


Started GET "/projects/new" for ::1 at 2017-04-11 19:18:11 +0800
Processing by ProjectsController#new as HTML
  Rendered projects/_form.html.erb (2.5ms)
  Rendered projects/new.html.erb within layouts/application (4.5ms)
Completed 200 OK in 35ms (Views: 34.4ms | ActiveRecord: 0.0ms)


Started POST "/projects" for ::1 at 2017-04-11 19:18:23 +0800
Processing by ProjectsController#create as HTML
  Parameters: {"utf8"=>"✓", "authenticity_token"=>"E7WwHm9L/0rDVbq8rXIHCLACAoZVElzphdVCEFRFmuD5VYxxuJ9aSMVvksqWsVopQq3mhNz7sASOeNAmx3I9Gg==", "project"=>{"abbr_name"=>"234234", "name"=>"234234", "proj_types"=>"234234", "proj_start_time"=>"10000000", "proj_end_time"=>"10000000"}, "commit"=>"Create Project"}
  [1m[35m (0.2ms)[0m  BEGIN
  [1m[36mSQL (0.3ms)[0m  [1mINSERT INTO `projects` (`abbr_name`, `name`, `proj_types`, `created_at`, `updated_at`) VALUES ('234234', '234234', '234234', '2017-04-11 11:18:23', '2017-04-11 11:18:23')[0m
  [1m[35m (19.4ms)[0m  COMMIT
Redirected to http://localhost:3000/projects/2
Completed 302 Found in 23ms (ActiveRecord: 19.8ms)


Started GET "/projects/2" for ::1 at 2017-04-11 19:18:23 +0800
Processing by ProjectsController#show as HTML
  Parameters: {"id"=>"2"}
  [1m[36mProject Load (0.2ms)[0m  [1mSELECT  `projects`.* FROM `projects` WHERE `projects`.`id` = 2 LIMIT 1[0m
  Rendered projects/show.html.erb within layouts/application (0.7ms)
Completed 200 OK in 32ms (Views: 31.2ms | ActiveRecord: 0.2ms)


Started GET "/projects" for ::1 at 2017-04-11 19:18:24 +0800
Processing by ProjectsController#index as HTML
  [1m[35mProject Load (0.4ms)[0m  SELECT `projects`.* FROM `projects`
  Rendered projects/index.html.erb within layouts/application (2.9ms)
Completed 200 OK in 36ms (Views: 35.0ms | ActiveRecord: 0.4ms)


Started GET "/projects/new" for ::1 at 2017-04-11 19:18:28 +0800
Processing by ProjectsController#new as HTML
  Rendered projects/_form.html.erb (2.7ms)
  Rendered projects/new.html.erb within layouts/application (4.6ms)
Completed 200 OK in 34ms (Views: 33.6ms | ActiveRecord: 0.0ms)


Started GET "/projects" for ::1 at 2017-04-11 19:18:29 +0800
Processing by ProjectsController#index as HTML
  [1m[36mProject Load (0.3ms)[0m  [1mSELECT `projects`.* FROM `projects`[0m
  Rendered projects/index.html.erb within layouts/application (2.6ms)
Completed 200 OK in 43ms (Views: 42.5ms | ActiveRecord: 0.3ms)


Started GET "/projects/2/edit" for ::1 at 2017-04-11 19:18:30 +0800
Processing by ProjectsController#edit as HTML
  Parameters: {"id"=>"2"}
  [1m[35mProject Load (0.4ms)[0m  SELECT  `projects`.* FROM `projects` WHERE `projects`.`id` = 2 LIMIT 1
  Rendered projects/_form.html.erb (2.6ms)
  Rendered projects/edit.html.erb within layouts/application (4.5ms)
Completed 200 OK in 36ms (Views: 34.7ms | ActiveRecord: 0.4ms)


Started PATCH "/projects/2" for ::1 at 2017-04-11 19:18:43 +0800
Processing by ProjectsController#update as HTML
  Parameters: {"utf8"=>"✓", "authenticity_token"=>"RZxZsJl+/tx8b5sgan6n8N479TiewJYRNNqWsTljj/+vfGXfTqpb3npVs1ZRvfrRLJQROhcpevw/dwSHqlQoBQ==", "project"=>{"abbr_name"=>"234234", "name"=>"234234", "proj_types"=>"234234", "proj_start_time"=>"20141215", "proj_end_time"=>"20141216"}, "commit"=>"Update Project", "id"=>"2"}
  [1m[36mProject Load (0.4ms)[0m  [1mSELECT  `projects`.* FROM `projects` WHERE `projects`.`id` = 2 LIMIT 1[0m
  [1m[35m (0.2ms)[0m  BEGIN
  [1m[36mSQL (35.0ms)[0m  [1mUPDATE `projects` SET `proj_start_time` = '2014-12-15 00:00:00', `proj_end_time` = '2014-12-16 00:00:00', `updated_at` = '2017-04-11 11:18:43' WHERE `projects`.`id` = 2[0m
  [1m[35m (0.7ms)[0m  COMMIT
Redirected to http://localhost:3000/projects/2
Completed 302 Found in 40ms (ActiveRecord: 36.3ms)


Started GET "/projects/2" for ::1 at 2017-04-11 19:18:43 +0800
Processing by ProjectsController#show as HTML
  Parameters: {"id"=>"2"}
  [1m[36mProject Load (0.2ms)[0m  [1mSELECT  `projects`.* FROM `projects` WHERE `projects`.`id` = 2 LIMIT 1[0m
  Rendered projects/show.html.erb within layouts/application (0.8ms)
Completed 200 OK in 34ms (Views: 33.1ms | ActiveRecord: 0.2ms)


Started GET "/projects" for ::1 at 2017-04-11 19:18:47 +0800
Processing by ProjectsController#index as HTML
  [1m[35mProject Load (0.4ms)[0m  SELECT `projects`.* FROM `projects`
  Rendered projects/index.html.erb within layouts/application (2.9ms)
Completed 200 OK in 33ms (Views: 31.8ms | ActiveRecord: 0.4ms)


Started GET "/projects/1/edit" for ::1 at 2017-04-11 19:18:57 +0800
Processing by ProjectsController#edit as HTML
  Parameters: {"id"=>"1"}
  [1m[36mProject Load (1.1ms)[0m  [1mSELECT  `projects`.* FROM `projects` WHERE `projects`.`id` = 1 LIMIT 1[0m
  Rendered projects/_form.html.erb (3.1ms)
  Rendered projects/edit.html.erb within layouts/application (5.3ms)
Completed 200 OK in 35ms (Views: 33.2ms | ActiveRecord: 1.1ms)


Started PATCH "/projects/1" for ::1 at 2017-04-11 19:19:02 +0800
Processing by ProjectsController#update as HTML
  Parameters: {"utf8"=>"✓", "authenticity_token"=>"dFcuBIIu8Zhi8lmi3cs7CUgNmJnKWUZe143XZyXOQJ+etxJrVfpUmmTIcdTmCGYouqJ8m0OwqrPcIEVRtvnnZQ==", "project"=>{"abbr_name"=>"123", "name"=>"132", "proj_types"=>"123", "proj_start_time"=>"2017-02-02 00:00:00 UTC", "proj_end_time"=>"2017-02-02 00:00:00 UTC"}, "commit"=>"Update Project", "id"=>"1"}
  [1m[35mProject Load (0.2ms)[0m  SELECT  `projects`.* FROM `projects` WHERE `projects`.`id` = 1 LIMIT 1
  [1m[36m (0.1ms)[0m  [1mBEGIN[0m
  [1m[35mSQL (0.2ms)[0m  UPDATE `projects` SET `proj_start_time` = '2017-02-02 00:00:00', `proj_end_time` = '2017-02-02 00:00:00', `updated_at` = '2017-04-11 11:19:02' WHERE `projects`.`id` = 1
  [1m[36m (0.8ms)[0m  [1mCOMMIT[0m
Redirected to http://localhost:3000/projects/1
Completed 302 Found in 4ms (ActiveRecord: 1.3ms)


Started GET "/projects/1" for ::1 at 2017-04-11 19:19:02 +0800
Processing by ProjectsController#show as HTML
  Parameters: {"id"=>"1"}
  [1m[35mProject Load (0.4ms)[0m  SELECT  `projects`.* FROM `projects` WHERE `projects`.`id` = 1 LIMIT 1
  Rendered projects/show.html.erb within layouts/application (1.0ms)
Completed 200 OK in 33ms (Views: 31.7ms | ActiveRecord: 0.4ms)


Started GET "/projects" for ::1 at 2017-04-11 19:19:04 +0800
Processing by ProjectsController#index as HTML
  [1m[36mProject Load (0.4ms)[0m  [1mSELECT `projects`.* FROM `projects`[0m
  Rendered projects/index.html.erb within layouts/application (2.8ms)
Completed 200 OK in 37ms (Views: 35.7ms | ActiveRecord: 0.4ms)


Started GET "/projects/1" for ::1 at 2017-04-11 19:19:17 +0800
Processing by ProjectsController#show as HTML
  Parameters: {"id"=>"1"}
  [1m[35mProject Load (0.4ms)[0m  SELECT  `projects`.* FROM `projects` WHERE `projects`.`id` = 1 LIMIT 1
  Rendered projects/show.html.erb within layouts/application (0.9ms)
Completed 200 OK in 34ms (Views: 32.4ms | ActiveRecord: 0.4ms)


Started GET "/projects" for ::1 at 2017-04-11 19:19:18 +0800
Processing by ProjectsController#index as HTML
  [1m[36mProject Load (0.3ms)[0m  [1mSELECT `projects`.* FROM `projects`[0m
  Rendered projects/index.html.erb within layouts/application (2.7ms)
Completed 200 OK in 38ms (Views: 37.3ms | ActiveRecord: 0.3ms)


Started GET "/projects/1/edit" for ::1 at 2017-04-11 19:19:19 +0800
Processing by ProjectsController#edit as HTML
  Parameters: {"id"=>"1"}
  [1m[35mProject Load (0.4ms)[0m  SELECT  `projects`.* FROM `projects` WHERE `projects`.`id` = 1 LIMIT 1
  Rendered projects/_form.html.erb (2.8ms)
  Rendered projects/edit.html.erb within layouts/application (4.7ms)
Completed 200 OK in 37ms (Views: 36.0ms | ActiveRecord: 0.4ms)


Started GET "/projects" for ::1 at 2017-04-11 19:21:17 +0800
Processing by ProjectsController#index as HTML
  [1m[36mProject Load (0.3ms)[0m  [1mSELECT `projects`.* FROM `projects`[0m
  Rendered projects/index.html.erb within layouts/application (2.5ms)
Completed 200 OK in 44ms (Views: 42.9ms | ActiveRecord: 0.3ms)


Started GET "/projects" for ::1 at 2017-04-11 19:22:17 +0800
Processing by ProjectsController#index as HTML
  [1m[35mProject Load (0.3ms)[0m  SELECT `projects`.* FROM `projects`
  Rendered projects/index.html.erb within layouts/application (2.1ms)
Completed 200 OK in 34ms (Views: 33.0ms | ActiveRecord: 0.3ms)


Started GET "/projects" for ::1 at 2017-04-11 19:22:18 +0800
Processing by ProjectsController#index as HTML
  [1m[36mProject Load (0.4ms)[0m  [1mSELECT `projects`.* FROM `projects`[0m
  Rendered projects/index.html.erb within layouts/application (2.8ms)
Completed 200 OK in 33ms (Views: 32.2ms | ActiveRecord: 0.4ms)


Started GET "/projects" for ::1 at 2017-04-11 19:22:29 +0800
Processing by ProjectsController#index as HTML
  [1m[35mProject Load (0.4ms)[0m  SELECT `projects`.* FROM `projects`
  Rendered projects/index.html.erb within layouts/application (2.2ms)
Completed 200 OK in 33ms (Views: 31.9ms | ActiveRecord: 0.4ms)


Started GET "/projects" for ::1 at 2017-04-11 19:22:30 +0800
Processing by ProjectsController#index as HTML
  [1m[36mProject Load (0.4ms)[0m  [1mSELECT `projects`.* FROM `projects`[0m
  Rendered projects/index.html.erb within layouts/application (2.8ms)
Completed 200 OK in 34ms (Views: 33.3ms | ActiveRecord: 0.4ms)


Started GET "/projects" for ::1 at 2017-04-11 19:22:30 +0800
Processing by ProjectsController#index as HTML
  [1m[35mProject Load (0.3ms)[0m  SELECT `projects`.* FROM `projects`
  Rendered projects/index.html.erb within layouts/application (2.7ms)
Completed 200 OK in 36ms (Views: 35.5ms | ActiveRecord: 0.3ms)


Started GET "/path3" for ::1 at 2017-04-11 19:22:31 +0800

ActionController::RoutingError (No route matches [GET] "/path3"):
  actionpack (4.2.8) lib/action_dispatch/middleware/debug_exceptions.rb:21:in `call'
  web-console (2.3.0) lib/web_console/middleware.rb:28:in `block in call'
  web-console (2.3.0) lib/web_console/middleware.rb:18:in `catch'
  web-console (2.3.0) lib/web_console/middleware.rb:18:in `call'
  actionpack (4.2.8) lib/action_dispatch/middleware/show_exceptions.rb:30:in `call'
  railties (4.2.8) lib/rails/rack/logger.rb:38:in `call_app'
  railties (4.2.8) lib/rails/rack/logger.rb:20:in `block in call'
  activesupport (4.2.8) lib/active_support/tagged_logging.rb:68:in `block in tagged'
  activesupport (4.2.8) lib/active_support/tagged_logging.rb:26:in `tagged'
  activesupport (4.2.8) lib/active_support/tagged_logging.rb:68:in `tagged'
  railties (4.2.8) lib/rails/rack/logger.rb:20:in `call'
  actionpack (4.2.8) lib/action_dispatch/middleware/request_id.rb:21:in `call'
  rack (1.6.5) lib/rack/methodoverride.rb:22:in `call'
  rack (1.6.5) lib/rack/runtime.rb:18:in `call'
  activesupport (4.2.8) lib/active_support/cache/strategy/local_cache_middleware.rb:28:in `call'
  rack (1.6.5) lib/rack/lock.rb:17:in `call'
  actionpack (4.2.8) lib/action_dispatch/middleware/static.rb:120:in `call'
  rack (1.6.5) lib/rack/sendfile.rb:113:in `call'
  railties (4.2.8) lib/rails/engine.rb:518:in `call'
  railties (4.2.8) lib/rails/application.rb:165:in `call'
  rack (1.6.5) lib/rack/lock.rb:17:in `call'
  rack (1.6.5) lib/rack/content_length.rb:15:in `call'
  rack (1.6.5) lib/rack/handler/webrick.rb:88:in `service'
  /Users/mac/.rvm/rubies/ruby-2.2.3/lib/ruby/2.2.0/webrick/httpserver.rb:138:in `service'
  /Users/mac/.rvm/rubies/ruby-2.2.3/lib/ruby/2.2.0/webrick/httpserver.rb:94:in `run'
  /Users/mac/.rvm/rubies/ruby-2.2.3/lib/ruby/2.2.0/webrick/server.rb:294:in `block in start_thread'


  Rendered /Users/mac/.rvm/gems/ruby-2.2.3/gems/actionpack-4.2.8/lib/action_dispatch/middleware/templates/rescues/_trace.html.erb (1.1ms)
  Rendered /Users/mac/.rvm/gems/ruby-2.2.3/gems/actionpack-4.2.8/lib/action_dispatch/middleware/templates/routes/_route.html.erb (0.8ms)
  Rendered /Users/mac/.rvm/gems/ruby-2.2.3/gems/actionpack-4.2.8/lib/action_dispatch/middleware/templates/routes/_table.html.erb (0.8ms)
  Rendered /Users/mac/.rvm/gems/ruby-2.2.3/gems/actionpack-4.2.8/lib/action_dispatch/middleware/templates/rescues/_request_and_response.html.erb (0.8ms)
  Rendered /Users/mac/.rvm/gems/ruby-2.2.3/gems/actionpack-4.2.8/lib/action_dispatch/middleware/templates/rescues/routing_error.html.erb within rescues/layout (52.4ms)
  Rendered /Users/mac/.rvm/gems/ruby-2.2.3/gems/web-console-2.3.0/lib/web_console/templates/_markup.html.erb (0.2ms)
  Rendered /Users/mac/.rvm/gems/ruby-2.2.3/gems/web-console-2.3.0/lib/web_console/templates/_inner_console_markup.html.erb within layouts/inlined_string (0.3ms)
  Rendered /Users/mac/.rvm/gems/ruby-2.2.3/gems/web-console-2.3.0/lib/web_console/templates/_prompt_box_markup.html.erb within layouts/inlined_string (0.2ms)
  Rendered /Users/mac/.rvm/gems/ruby-2.2.3/gems/web-console-2.3.0/lib/web_console/templates/style.css.erb within layouts/inlined_string (0.3ms)
  Rendered /Users/mac/.rvm/gems/ruby-2.2.3/gems/web-console-2.3.0/lib/web_console/templates/console.js.erb within layouts/javascript (36.3ms)
  Rendered /Users/mac/.rvm/gems/ruby-2.2.3/gems/web-console-2.3.0/lib/web_console/templates/main.js.erb within layouts/javascript (0.2ms)
  Rendered /Users/mac/.rvm/gems/ruby-2.2.3/gems/web-console-2.3.0/lib/web_console/templates/error_page.js.erb within layouts/javascript (0.3ms)
  Rendered /Users/mac/.rvm/gems/ruby-2.2.3/gems/web-console-2.3.0/lib/web_console/templates/index.html.erb (79.2ms)


Started GET "/projects" for ::1 at 2017-04-11 19:23:25 +0800
Processing by ProjectsController#index as HTML
  [1m[36mProject Load (0.4ms)[0m  [1mSELECT `projects`.* FROM `projects`[0m
  Rendered projects/index.html.erb within layouts/application (2.2ms)
Completed 200 OK in 32ms (Views: 31.1ms | ActiveRecord: 0.4ms)


Started GET "/projects" for ::1 at 2017-04-11 19:23:34 +0800
Processing by ProjectsController#index as HTML
  [1m[35mProject Load (0.3ms)[0m  SELECT `projects`.* FROM `projects`
  Rendered projects/index.html.erb within layouts/application (2.8ms)
Completed 200 OK in 33ms (Views: 32.4ms | ActiveRecord: 0.3ms)


Started GET "/projects" for ::1 at 2017-04-11 19:23:34 +0800
Processing by ProjectsController#index as HTML
  [1m[36mProject Load (0.4ms)[0m  [1mSELECT `projects`.* FROM `projects`[0m
  Rendered projects/index.html.erb within layouts/application (2.8ms)
Completed 200 OK in 37ms (Views: 36.5ms | ActiveRecord: 0.4ms)


Started GET "/projects" for ::1 at 2017-04-11 19:23:35 +0800
Processing by ProjectsController#index as HTML
  [1m[35mProject Load (0.4ms)[0m  SELECT `projects`.* FROM `projects`
  Rendered projects/index.html.erb within layouts/application (2.6ms)
Completed 200 OK in 42ms (Views: 41.2ms | ActiveRecord: 0.4ms)


Started GET "/projects" for ::1 at 2017-04-11 19:23:36 +0800
Processing by ProjectsController#index as HTML
  [1m[36mProject Load (0.3ms)[0m  [1mSELECT `projects`.* FROM `projects`[0m
  Rendered projects/index.html.erb within layouts/application (2.7ms)
Completed 200 OK in 37ms (Views: 36.1ms | ActiveRecord: 0.3ms)


Started GET "/projects/1" for ::1 at 2017-04-11 19:24:39 +0800
Processing by ProjectsController#show as HTML
  Parameters: {"id"=>"1"}
  [1m[35mProject Load (0.4ms)[0m  SELECT  `projects`.* FROM `projects` WHERE `projects`.`id` = 1 LIMIT 1
  Rendered projects/show.html.erb within layouts/application (0.9ms)
Completed 200 OK in 33ms (Views: 31.4ms | ActiveRecord: 0.4ms)


Started GET "/projects" for ::1 at 2017-04-11 19:24:55 +0800
Processing by ProjectsController#index as HTML
  [1m[36mProject Load (0.4ms)[0m  [1mSELECT `projects`.* FROM `projects`[0m
  Rendered projects/index.html.erb within layouts/application (2.7ms)
Completed 200 OK in 39ms (Views: 37.0ms | ActiveRecord: 0.4ms)


Started GET "/projects/2/edit" for ::1 at 2017-04-11 19:24:58 +0800
Processing by ProjectsController#edit as HTML
  Parameters: {"id"=>"2"}
  [1m[35mProject Load (0.4ms)[0m  SELECT  `projects`.* FROM `projects` WHERE `projects`.`id` = 2 LIMIT 1
  Rendered projects/_form.html.erb (2.6ms)
  Rendered projects/edit.html.erb within layouts/application (4.5ms)
Completed 200 OK in 35ms (Views: 33.9ms | ActiveRecord: 0.4ms)


Started GET "/projects" for ::1 at 2017-04-11 19:25:17 +0800
Processing by ProjectsController#index as HTML
  [1m[36mProject Load (0.4ms)[0m  [1mSELECT `projects`.* FROM `projects`[0m
  Rendered projects/index.html.erb within layouts/application (2.6ms)
Completed 200 OK in 38ms (Views: 37.2ms | ActiveRecord: 0.4ms)


Started GET "/projects" for ::1 at 2017-04-11 19:25:24 +0800
Processing by ProjectsController#index as HTML
  [1m[35mProject Load (0.3ms)[0m  SELECT `projects`.* FROM `projects`
  Rendered projects/index.html.erb within layouts/application (2.3ms)
Completed 200 OK in 35ms (Views: 34.7ms | ActiveRecord: 0.3ms)


Started GET "/projects" for ::1 at 2017-04-11 19:25:25 +0800
Processing by ProjectsController#index as HTML
  [1m[36mProject Load (0.4ms)[0m  [1mSELECT `projects`.* FROM `projects`[0m
  Rendered projects/index.html.erb within layouts/application (2.9ms)
Completed 200 OK in 36ms (Views: 35.0ms | ActiveRecord: 0.3ms)


Started GET "/projects" for ::1 at 2017-04-11 19:25:27 +0800
Processing by ProjectsController#index as HTML
  [1m[35mProject Load (0.3ms)[0m  SELECT `projects`.* FROM `projects`
  Rendered projects/index.html.erb within layouts/application (2.5ms)
Completed 200 OK in 36ms (Views: 35.5ms | ActiveRecord: 0.3ms)


Started GET "/projects/1" for ::1 at 2017-04-11 19:28:56 +0800
Processing by ProjectsController#show as HTML
  Parameters: {"id"=>"1"}
  [1m[36mProject Load (0.3ms)[0m  [1mSELECT  `projects`.* FROM `projects` WHERE `projects`.`id` = 1 LIMIT 1[0m
  Rendered projects/show.html.erb within layouts/application (0.9ms)
Completed 200 OK in 41ms (Views: 39.8ms | ActiveRecord: 0.3ms)


Started GET "/projects" for ::1 at 2017-04-11 19:28:57 +0800
Processing by ProjectsController#index as HTML
  [1m[35mProject Load (0.3ms)[0m  SELECT `projects`.* FROM `projects`
  Rendered projects/index.html.erb within layouts/application (2.7ms)
Completed 200 OK in 37ms (Views: 36.3ms | ActiveRecord: 0.3ms)


Started GET "/projects/2/edit" for ::1 at 2017-04-11 19:28:58 +0800
Processing by ProjectsController#edit as HTML
  Parameters: {"id"=>"2"}
  [1m[36mProject Load (0.3ms)[0m  [1mSELECT  `projects`.* FROM `projects` WHERE `projects`.`id` = 2 LIMIT 1[0m
  Rendered projects/_form.html.erb (3.1ms)
  Rendered projects/edit.html.erb within layouts/application (4.9ms)
Completed 200 OK in 38ms (Views: 36.6ms | ActiveRecord: 0.3ms)


Started GET "/projects" for ::1 at 2017-04-11 19:29:00 +0800
Processing by ProjectsController#index as HTML
  [1m[35mProject Load (0.3ms)[0m  SELECT `projects`.* FROM `projects`
  Rendered projects/index.html.erb within layouts/application (2.6ms)
Completed 200 OK in 37ms (Views: 35.9ms | ActiveRecord: 0.3ms)


Started GET "/projects" for ::1 at 2017-04-11 19:54:58 +0800
  [1m[36mActiveRecord::SchemaMigration Load (0.3ms)[0m  [1mSELECT `schema_migrations`.* FROM `schema_migrations`[0m
Processing by ProjectsController#index as HTML
  [1m[35mProject Load (0.3ms)[0m  SELECT `projects`.* FROM `projects`
  Rendered projects/index.html.erb within layouts/application (12.1ms)
Completed 200 OK in 326ms (Views: 317.5ms | ActiveRecord: 1.2ms)


Started DELETE "/projects/1" for ::1 at 2017-04-11 19:55:02 +0800
Processing by ProjectsController#destroy as HTML
  Parameters: {"authenticity_token"=>"bOi4xO7dNuqWiQlC2ML/LHHVD+dx2dTMJDNsAgrIuMGGCISrOQmT6JCzITTjAaINg3rr5fgwOCEvnv40mf8fOw==", "id"=>"1"}
  [1m[36mProject Load (0.3ms)[0m  [1mSELECT  `projects`.* FROM `projects` WHERE `projects`.`id` = 1 LIMIT 1[0m
  [1m[35m (0.2ms)[0m  BEGIN
  [1m[36mSQL (7.4ms)[0m  [1mDELETE FROM `projects` WHERE `projects`.`id` = 1[0m
  [1m[35m (0.7ms)[0m  COMMIT
Redirected to http://localhost:3000/projects
Completed 302 Found in 16ms (ActiveRecord: 8.5ms)


Started GET "/projects" for ::1 at 2017-04-11 19:55:02 +0800
Processing by ProjectsController#index as HTML
  [1m[36mProject Load (0.4ms)[0m  [1mSELECT `projects`.* FROM `projects`[0m
  Rendered projects/index.html.erb within layouts/application (2.3ms)
Completed 200 OK in 42ms (Views: 40.8ms | ActiveRecord: 0.4ms)


Started GET "/projects" for ::1 at 2017-04-11 19:55:04 +0800
Processing by ProjectsController#index as HTML
  [1m[35mProject Load (0.3ms)[0m  SELECT `projects`.* FROM `projects`
  Rendered projects/index.html.erb within layouts/application (1.9ms)
Completed 200 OK in 63ms (Views: 62.0ms | ActiveRecord: 0.3ms)


Started GET "/projects" for ::1 at 2017-04-11 19:57:12 +0800
Processing by ProjectsController#index as HTML
  [1m[36mProject Load (0.4ms)[0m  [1mSELECT `projects`.* FROM `projects`[0m
  Rendered projects/index.html.erb within layouts/application (8.4ms)
Completed 200 OK in 46ms (Views: 42.8ms | ActiveRecord: 1.4ms)


Started GET "/projects" for ::1 at 2017-04-11 19:59:27 +0800
  [1m[36mActiveRecord::SchemaMigration Load (0.3ms)[0m  [1mSELECT `schema_migrations`.* FROM `schema_migrations`[0m
Processing by ProjectsController#index as HTML
  [1m[35mProject Load (0.4ms)[0m  SELECT `projects`.* FROM `projects`
  Rendered projects/index.html.erb within layouts/application (12.7ms)
Completed 200 OK in 329ms (Views: 320.2ms | ActiveRecord: 1.5ms)


Started DELETE "/projects/2" for ::1 at 2017-04-11 19:59:31 +0800
Processing by ProjectsController#destroy as HTML
  Parameters: {"authenticity_token"=>"WLXhaodtV/33zAe1TsfhUQeJ+u0o6CEZPPY4+ZUgwYqyVd0FULny//H2L8N1BLxw9SYe76EBzfQ3W6rPBhdmcA==", "id"=>"2"}
  [1m[36mProject Load (0.4ms)[0m  [1mSELECT  `projects`.* FROM `projects` WHERE `projects`.`id` = 2 LIMIT 1[0m
  [1m[35m (0.2ms)[0m  BEGIN
  [1m[36mSQL (0.5ms)[0m  [1mUPDATE `projects` SET `deleted_at` = '2017-04-11 11:59:31', `updated_at` = '2017-04-11 11:59:31' WHERE `projects`.`id` = 2[0m
  [1m[35m (0.8ms)[0m  COMMIT
Redirected to http://localhost:3000/projects
Completed 302 Found in 12ms (ActiveRecord: 1.9ms)


Started GET "/projects" for ::1 at 2017-04-11 19:59:31 +0800
Processing by ProjectsController#index as HTML
  [1m[36mProject Load (0.3ms)[0m  [1mSELECT `projects`.* FROM `projects`[0m
  Rendered projects/index.html.erb within layouts/application (1.4ms)
Completed 200 OK in 38ms (Views: 36.9ms | ActiveRecord: 0.3ms)


Started GET "/projects/new" for ::1 at 2017-04-11 19:59:58 +0800
Processing by ProjectsController#new as HTML
  Rendered projects/_form.html.erb (17.4ms)
  Rendered projects/new.html.erb within layouts/application (21.5ms)
Completed 200 OK in 86ms (Views: 85.6ms | ActiveRecord: 0.0ms)


Started POST "/projects" for ::1 at 2017-04-11 20:00:18 +0800
Processing by ProjectsController#create as HTML
  Parameters: {"utf8"=>"✓", "authenticity_token"=>"Xp72T0uWtAV86TSEZiQvrotUfisSDBp/sVSK6jnJSvi0fsognEIRB3rTHPJd53KPefuaKZvl9pK6+Rjcqv7tAg==", "project"=>{"abbr_name"=>"aaa", "name"=>"bbbbb", "proj_types"=>"dfdaf", "proj_start_time"=>"20160202", "proj_end_time"=>"20160303"}, "commit"=>"Create Project"}
  [1m[35m (0.2ms)[0m  BEGIN
  [1m[36mSQL (0.3ms)[0m  [1mINSERT INTO `projects` (`abbr_name`, `name`, `proj_types`, `proj_start_time`, `proj_end_time`, `created_at`, `updated_at`) VALUES ('aaa', 'bbbbb', 'dfdaf', '2016-02-02 00:00:00', '2016-03-03 00:00:00', '2017-04-11 12:00:18', '2017-04-11 12:00:18')[0m
  [1m[35m (0.7ms)[0m  COMMIT
Redirected to http://localhost:3000/projects/3
Completed 302 Found in 5ms (ActiveRecord: 1.2ms)


Started GET "/projects/3" for ::1 at 2017-04-11 20:00:18 +0800
Processing by ProjectsController#show as HTML
  Parameters: {"id"=>"3"}
  [1m[36mProject Load (0.2ms)[0m  [1mSELECT  `projects`.* FROM `projects` WHERE `projects`.`id` = 3 LIMIT 1[0m
  Rendered projects/show.html.erb within layouts/application (2.5ms)
Completed 200 OK in 38ms (Views: 37.1ms | ActiveRecord: 0.2ms)


Started GET "/projects" for ::1 at 2017-04-11 20:00:20 +0800
Processing by ProjectsController#index as HTML
  [1m[35mProject Load (0.4ms)[0m  SELECT `projects`.* FROM `projects`
  Rendered projects/index.html.erb within layouts/application (2.2ms)
Completed 200 OK in 39ms (Views: 37.9ms | ActiveRecord: 0.4ms)


Started GET "/projects" for ::1 at 2017-04-11 20:01:22 +0800
  [1m[36mActiveRecord::SchemaMigration Load (0.3ms)[0m  [1mSELECT `schema_migrations`.* FROM `schema_migrations`[0m
Processing by ProjectsController#index as HTML
  [1m[35mProject Load (0.4ms)[0m  SELECT `projects`.* FROM `projects`
  Rendered projects/index.html.erb within layouts/application (11.5ms)
Completed 200 OK in 320ms (Views: 311.4ms | ActiveRecord: 1.4ms)


Started GET "/projects/3" for ::1 at 2017-04-11 20:01:28 +0800
Processing by ProjectsController#show as HTML
  Parameters: {"id"=>"3"}
  [1m[36mProject Load (0.4ms)[0m  [1mSELECT  `projects`.* FROM `projects` WHERE `projects`.`id` = 3 LIMIT 1[0m
  Rendered projects/show.html.erb within layouts/application (1.9ms)
Completed 200 OK in 42ms (Views: 33.8ms | ActiveRecord: 0.4ms)


Started GET "/projects/3/edit" for ::1 at 2017-04-11 20:01:41 +0800
Processing by ProjectsController#edit as HTML
  Parameters: {"id"=>"3"}
  [1m[35mProject Load (0.4ms)[0m  SELECT  `projects`.* FROM `projects` WHERE `projects`.`id` = 3 LIMIT 1
  Rendered projects/_form.html.erb (9.5ms)
  Rendered projects/edit.html.erb within layouts/application (13.4ms)
Completed 200 OK in 45ms (Views: 44.0ms | ActiveRecord: 0.4ms)


Started GET "/projects" for ::1 at 2017-04-11 20:01:42 +0800
Processing by ProjectsController#index as HTML
  [1m[36mProject Load (0.4ms)[0m  [1mSELECT `projects`.* FROM `projects`[0m
  Rendered projects/index.html.erb within layouts/application (2.4ms)
Completed 200 OK in 66ms (Views: 65.1ms | ActiveRecord: 0.4ms)
